07:27:30.384 INFO  AdminUserManagement -delete( JJSwift )
07:27:30.424 INFO  AdminUserManagement -(5) Records Found
07:27:30.883 INFO  AdminUserManagement -JJSwift userName is entered
07:27:30.989 INFO  AdminUserManagement -(5) Records Found before search button is clicked
07:27:31.168 INFO  AdminUserManagement -after wait_isClickable(searchButton)
07:27:31.272 INFO  AdminUserManagement -search button is clicked
07:27:31.742 INFO  AdminUserManagement -No Records Found after search button is clicked
07:27:31.773 INFO  AdminUserManagement -username records after refresh: No Records Found
07:27:32.669 INFO  AdminUserManagement -add button clicked to add user: JJSwift
07:27:32.725 INFO  AdminUserManagement -after pageRedirect https://opensource-demo.orangehrmlive.com/web/index.php/admin/saveSystemUser
07:27:33.854 INFO  AdminUserManagement -Searching....
07:27:35.174 INFO  AdminUserManagement -hmkyaopf cwbgfspn ymhkmdjj after wait in getByEmployeeName()
07:27:35.448 INFO  AdminUserManagement -clicked on userRoll for ESS
07:27:35.572 INFO  AdminUserManagement -user roll list after wait for: ESS
07:27:35.794 INFO  AdminUserManagement -ESS is selected
07:27:35.872 INFO  AdminUserManagement -Invalid
07:27:35.872 INFO  AdminUserManagement -addEmployee() JJ Swift
07:27:36.830 INFO  PimModule -in addEmployee()
07:27:38.351 INFO  PimModule -add button clicked
07:27:38.874 INFO  PimModule -first name entered
07:27:39.001 INFO  PimModule -last name entered
07:27:41.265 INFO  PimModule -save button clicked
07:27:43.382 INFO  PimModule -Successfully Saved
07:27:43.459 INFO  AdminUserManagement -JJ Swift Successfully Saved
07:27:48.484 INFO  AdminUserManagement -delete( LMorgan )
07:27:48.484 INFO  AdminUserManagement -(5) Records Found
07:27:48.489 INFO  AdminUserManagement -navigate to viewSystemUsers page after addEmployee() JJ Swift
07:27:48.913 INFO  AdminUserManagement -LMorgan userName is entered
07:27:48.964 INFO  AdminUserManagement -(5) Records Found before search button is clicked
07:27:49.108 INFO  AdminUserManagement -after wait_isClickable(searchButton)
07:27:49.428 INFO  AdminUserManagement -search button is clicked
07:27:49.508 INFO  AdminUserManagement -add button clicked to add user: JJSwift after addEmployee()
07:27:49.591 INFO  AdminUserManagement -No Records Found after search button is clicked
07:27:49.606 INFO  AdminUserManagement -username records after refresh: No Records Found
07:27:50.384 INFO  AdminUserManagement -add button clicked to add user: LMorgan
07:27:50.403 INFO  AdminUserManagement -after pageRedirect https://opensource-demo.orangehrmlive.com/web/index.php/admin/saveSystemUser
07:27:50.588 INFO  AdminUserManagement -Searching....
07:27:51.379 INFO  AdminUserManagement -Searching....
07:27:51.888 INFO  AdminUserManagement -JJ Swift after wait in getByEmployeeName()
07:27:52.054 INFO  AdminUserManagement -JJ Swift clicked
07:27:52.140 INFO  AdminUserManagement -clicked on userRoll for ESS
07:27:52.291 INFO  AdminUserManagement -user roll list after wait for: ESS
07:27:52.624 INFO  AdminUserManagement -ESS is selected
07:27:52.624 INFO  AdminUserManagement -employee name entered JJ Swift
07:27:52.624 INFO  AdminUserManagement -user roll entered
07:27:52.764 INFO  AdminUserManagement -after wait_isClickable(status)
07:27:52.912 INFO  AdminUserManagement -clicked on status
07:27:53.062 INFO  AdminUserManagement -Lisa Andrews after wait in getByEmployeeName()
07:27:53.140 INFO  AdminUserManagement -status list after wait for Enabled
07:27:53.197 INFO  AdminUserManagement --- Select --
07:27:53.234 INFO  AdminUserManagement -Enabled
07:27:53.400 INFO  AdminUserManagement -clicked on userRoll for ESS
07:27:53.414 INFO  AdminUserManagement -Enabled is selected
07:27:53.615 INFO  AdminUserManagement -user roll list after wait for: ESS
07:27:53.895 INFO  AdminUserManagement -JJSwift userName is entered
07:27:53.895 INFO  AdminUserManagement -username entered JJSwift
07:27:54.144 INFO  AdminUserManagement -password entered JJSwift
07:27:54.169 INFO  AdminUserManagement -ESS is selected
07:27:54.206 INFO  AdminUserManagement -Invalid
07:27:54.206 INFO  AdminUserManagement -addEmployee() Lisa Morgan
07:27:54.360 INFO  AdminUserManagement -password confirmed JJSwift
07:27:54.449 INFO  AdminUserManagement -after wait_isClickable(saveButton) JJSwift
07:27:54.552 INFO  AdminUserManagement -save button clicked JJSwift
07:27:55.062 INFO  PimModule -in addEmployee()
07:27:56.168 INFO  AdminUserManagement -Successfully Saved
07:27:56.169 INFO  AdminUserManagement -user added: JJSwiftSuccessfully Saved
07:27:56.343 INFO  PimModule -add button clicked
07:27:56.348 INFO  AdminUserManagement -before wait_pageRedirect https://opensource-demo.orangehrmlive.com/web/index.php/pim/addEmployee
07:27:56.986 INFO  PimModule -first name entered
07:27:57.045 INFO  PimModule -last name entered
07:27:59.462 INFO  PimModule -save button clicked
07:28:00.026 INFO  AdminUserManagement -navigate to viewSystemUsers page in catch block
07:28:00.028 INFO  AdminUserManagement -redirected to user management- user page
07:28:00.266 INFO  AdminUserManagement -JJSwift userName is entered
07:28:00.266 INFO  AdminUserManagement -JJSwift UserName entered
07:28:00.313 INFO  AdminUserManagement -(6) Records Found before search button is clicked
07:28:00.392 INFO  AdminUserManagement -after wait_isClickable(searchButton)
07:28:00.538 INFO  AdminUserManagement -search button is clicked
07:28:00.945 INFO  AdminUserManagement -(1) Record Found after search button is clicked
07:28:01.165 INFO  AdminUserManagement -delete button clicked for JJSwift
07:28:01.323 INFO  AdminUserManagement -confirmed delete: JJSwift
07:28:05.280 INFO  AdminUserManagement -Alice.Duval userName is entered
07:28:05.456 INFO  AdminUserManagement -clicked on userRoll for ESS
07:28:05.647 INFO  AdminUserManagement -user roll list after wait for: ESS
07:28:06.031 INFO  AdminUserManagement -ESS is selected
07:28:06.484 INFO  AdminUserManagement -Searching....
07:28:07.691 INFO  AdminUserManagement -Alice Duval after wait in getByEmployeeName()
07:28:07.845 INFO  AdminUserManagement -Alice Duval clicked
07:28:07.929 INFO  AdminUserManagement -after wait_isClickable(status)
07:28:08.028 INFO  AdminUserManagement -clicked on status
07:28:08.146 INFO  AdminUserManagement -status list after wait for Enabled
07:28:08.203 INFO  AdminUserManagement --- Select --
07:28:08.257 INFO  AdminUserManagement -Enabled
07:28:08.426 INFO  AdminUserManagement -Enabled is selected
07:28:08.467 INFO  AdminUserManagement -(5) Records Found before search button is clicked
07:28:08.544 INFO  AdminUserManagement -after wait_isClickable(searchButton)
07:28:08.654 INFO  AdminUserManagement -search button is clicked
07:28:09.123 INFO  AdminUserManagement -No Records Found after search button is clicked
07:28:11.482 INFO  AdminUserManagement -employee : Lisa Morgan is available
07:28:11.482 INFO  AdminUserManagement -employee name entered Lisa Morgan
07:28:11.482 INFO  AdminUserManagement -user roll entered
07:28:11.572 INFO  AdminUserManagement -after wait_isClickable(status)
07:28:11.844 INFO  AdminUserManagement -clicked on status
07:28:11.993 INFO  AdminUserManagement -status list after wait for Enabled
07:28:12.013 INFO  AdminUserManagement --- Select --
07:28:12.048 INFO  AdminUserManagement -Enabled
07:28:12.384 INFO  AdminUserManagement -Enabled is selected
07:28:12.679 INFO  AdminUserManagement -LMorgan userName is entered
07:28:12.679 INFO  AdminUserManagement -username entered LMorgan
07:28:20.948 INFO  LeaveListTest -BaseURL loaded
07:28:22.546 INFO  LeaveListTest -login successful
07:28:27.149 INFO  AdminUserManagement -Alice.Duval userName is entered
07:28:27.510 INFO  AdminUserManagement -clicked on userRoll for ESS
07:28:27.655 INFO  AdminUserManagement -user roll list after wait for: ESS
07:28:28.048 INFO  AdminUserManagement -ESS is selected
07:28:28.395 INFO  AdminUserManagement -Searching....
07:28:29.757 INFO  LeaveList -Records: (7) Records Found
07:28:30.004 INFO  AdminUserManagement -Alice Duval after wait in getByEmployeeName()
07:28:30.283 INFO  AdminUserManagement -Alice Duval clicked
07:28:30.335 INFO  AdminUserManagement -after wait_isClickable(status)
07:28:30.574 INFO  AdminUserManagement -clicked on status
07:28:30.736 INFO  AdminUserManagement -status list after wait for Enabled
07:28:30.755 INFO  AdminUserManagement --- Select --
07:28:30.775 INFO  AdminUserManagement -Enabled
07:28:31.062 INFO  AdminUserManagement -Enabled is selected
07:28:31.088 INFO  AdminUserManagement -(5) Records Found before search button is clicked
07:28:31.160 INFO  AdminUserManagement -after wait_isClickable(searchButton)
07:28:31.465 INFO  AdminUserManagement -search button is clicked
07:28:31.663 INFO  AdminUserManagement -No Records Found after search button is clicked
07:28:40.810 INFO  LeaveListTest -status selected
07:28:41.118 INFO  LeaveList -Records: (7) Records Found
07:28:52.510 INFO  LeaveListTest -BaseURL loaded
07:28:55.366 INFO  LeaveListTest -login successful
07:29:10.647 INFO  LeaveList -Records: (7) Records Found
07:50:31.123 INFO  AdminUserManagement -delete( JJSwift )
07:50:31.127 INFO  AdminUserManagement -(9) Records Found
07:50:31.235 INFO  AdminUserManagement -JJSwift userName is entered
07:50:31.255 INFO  AdminUserManagement -(9) Records Found before search button is clicked
07:50:31.303 INFO  AdminUserManagement -after wait_isClickable(searchButton)
07:50:31.351 INFO  AdminUserManagement -search button is clicked
07:50:31.694 INFO  AdminUserManagement -No Records Found after search button is clicked
07:50:31.702 INFO  AdminUserManagement -username records after refresh: No Records Found
07:50:32.131 INFO  AdminUserManagement -add button clicked to add user: JJSwift
07:50:32.143 INFO  AdminUserManagement -after pageRedirect https://opensource-demo.orangehrmlive.com/web/index.php/admin/saveSystemUser
07:50:32.601 INFO  AdminUserManagement -Searching....
07:50:33.731 INFO  AdminUserManagement -JJ Swift after wait in getByEmployeeName()
07:50:33.802 INFO  AdminUserManagement -JJ Swift clicked
07:50:33.857 INFO  AdminUserManagement -clicked on userRoll for ESS
07:50:33.920 INFO  AdminUserManagement -user roll list after wait for: ESS
07:50:34.021 INFO  AdminUserManagement -ESS is selected
07:50:42.168 INFO  AdminUserManagement -delete( LMorgan )
07:50:42.170 INFO  AdminUserManagement -(9) Records Found
07:50:42.441 INFO  AdminUserManagement -LMorgan userName is entered
07:50:42.453 INFO  AdminUserManagement -(9) Records Found before search button is clicked
07:50:42.484 INFO  AdminUserManagement -after wait_isClickable(searchButton)
07:50:42.711 INFO  AdminUserManagement -search button is clicked
07:50:42.826 INFO  AdminUserManagement -No Records Found after search button is clicked
07:50:42.834 INFO  AdminUserManagement -username records after refresh: No Records Found
07:50:43.290 INFO  AdminUserManagement -add button clicked to add user: LMorgan
07:50:43.290 INFO  AdminUserManagement -after pageRedirect https://opensource-demo.orangehrmlive.com/web/index.php/admin/saveSystemUser
07:50:44.051 INFO  AdminUserManagement -Searching....
07:50:44.056 INFO  AdminUserManagement -employee : JJ Swift is available
07:50:44.056 INFO  AdminUserManagement -employee name entered JJ Swift
07:50:44.056 INFO  AdminUserManagement -user roll entered
07:50:44.112 INFO  AdminUserManagement -after wait_isClickable(status)
07:50:44.253 INFO  AdminUserManagement -clicked on status
07:50:44.363 INFO  AdminUserManagement -status list after wait for Enabled
07:50:44.395 INFO  AdminUserManagement --- Select --
07:50:44.411 INFO  AdminUserManagement -Enabled
07:50:44.537 INFO  AdminUserManagement -Enabled is selected
07:50:44.717 INFO  AdminUserManagement -JJSwift userName is entered
07:50:44.717 INFO  AdminUserManagement -username entered JJSwift
07:50:44.820 INFO  AdminUserManagement -password entered JJSwift
07:50:44.947 INFO  AdminUserManagement -password confirmed JJSwift
07:50:44.994 INFO  AdminUserManagement -after wait_isClickable(saveButton) JJSwift
07:50:45.074 INFO  AdminUserManagement -save button clicked JJSwift
07:50:45.663 INFO  AdminUserManagement -Lisa Andrews after wait in getByEmployeeName()
07:50:45.931 INFO  AdminUserManagement -Lisa Morgan clicked
07:50:46.153 INFO  AdminUserManagement -clicked on userRoll for ESS
07:50:46.209 INFO  AdminUserManagement -user roll list after wait for: ESS
07:50:46.495 INFO  AdminUserManagement -ESS is selected
07:50:46.911 INFO  AdminUserManagement -Successfully Saved
07:50:46.911 INFO  AdminUserManagement -user added: JJSwiftSuccessfully Saved
07:50:56.519 INFO  AdminUserManagement -employee : Lisa Morgan is available
07:50:56.519 INFO  AdminUserManagement -employee name entered Lisa Morgan
07:50:56.519 INFO  AdminUserManagement -user roll entered
07:50:56.522 INFO  AdminUserManagement -before wait_pageRedirect https://opensource-demo.orangehrmlive.com/web/index.php/admin/saveSystemUser
07:50:56.562 INFO  AdminUserManagement -after wait_isClickable(status)
07:50:56.802 INFO  AdminUserManagement -clicked on status
07:50:56.846 INFO  AdminUserManagement -status list after wait for Enabled
07:50:56.857 INFO  AdminUserManagement --- Select --
07:50:56.867 INFO  AdminUserManagement -Enabled
07:50:57.120 INFO  AdminUserManagement -Enabled is selected
07:50:57.396 INFO  AdminUserManagement -LMorgan userName is entered
07:50:57.396 INFO  AdminUserManagement -username entered LMorgan
07:50:57.422 INFO  AdminUserManagement -password entered LMorgan
07:50:57.441 INFO  AdminUserManagement -password confirmed LMorgan
07:50:57.463 INFO  AdminUserManagement -after wait_isClickable(saveButton) LMorgan
07:50:57.683 INFO  AdminUserManagement -save button clicked LMorgan
07:50:59.335 INFO  AdminUserManagement -
07:50:59.335 INFO  AdminUserManagement -user added: LMorgan
07:50:59.335 INFO  AdminUserManagement -before wait_pageRedirect https://opensource-demo.orangehrmlive.com/web/index.php/admin/saveSystemUser
07:51:00.371 INFO  AdminUserManagement -navigate to viewSystemUsers page in catch block
07:51:00.371 INFO  AdminUserManagement -redirected to user management- user page
07:51:00.371 INFO  AdminUserManagement -after wait_pageRedirect https://opensource-demo.orangehrmlive.com/web/index.php/admin/viewSystemUsers
07:51:00.377 INFO  AdminUserManagement -redirected to user management- user page
07:51:00.512 INFO  AdminUserManagement -JJSwift userName is entered
07:51:00.512 INFO  AdminUserManagement -JJSwift UserName entered
07:51:00.547 INFO  AdminUserManagement -(11) Records Found before search button is clicked
07:51:00.607 INFO  AdminUserManagement -after wait_isClickable(searchButton)
07:51:00.671 INFO  AdminUserManagement -search button is clicked
07:51:01.008 INFO  AdminUserManagement -LMorgan userName is entered
07:51:01.008 INFO  AdminUserManagement -LMorgan UserName entered
07:51:01.042 INFO  AdminUserManagement -(1) Record Found after search button is clicked
07:51:01.117 INFO  AdminUserManagement -(12) Records Found before search button is clicked
07:51:01.133 INFO  AdminUserManagement -delete button clicked for JJSwift
07:51:01.151 INFO  AdminUserManagement -after wait_isClickable(searchButton)
07:51:01.204 INFO  AdminUserManagement -confirmed delete: JJSwift
07:51:01.400 INFO  AdminUserManagement -search button is clicked
07:51:01.578 INFO  AdminUserManagement -(1) Record Found after search button is clicked
07:51:01.826 INFO  AdminUserManagement -delete button clicked for LMorgan
07:51:02.098 INFO  AdminUserManagement -confirmed delete: LMorgan
07:51:04.182 INFO  AdminUserManagement -Alice.Duval userName is entered
07:51:04.247 INFO  AdminUserManagement -clicked on userRoll for ESS
07:51:04.343 INFO  AdminUserManagement -user roll list after wait for: ESS
07:51:04.521 INFO  AdminUserManagement -ESS is selected
07:51:04.679 INFO  AdminUserManagement -Searching....
07:51:05.006 INFO  AdminUserManagement -Alice.Duval userName is entered
07:51:05.229 INFO  AdminUserManagement -clicked on userRoll for ESS
07:51:05.276 INFO  AdminUserManagement -user roll list after wait for: ESS
07:51:05.530 INFO  AdminUserManagement -ESS is selected
07:51:05.785 INFO  AdminUserManagement -Searching....
07:51:06.352 INFO  AdminUserManagement -Alice Duval after wait in getByEmployeeName()
07:51:06.417 INFO  AdminUserManagement -Alice Duval clicked
07:51:06.454 INFO  AdminUserManagement -after wait_isClickable(status)
07:51:06.485 INFO  AdminUserManagement -clicked on status
07:51:06.564 INFO  AdminUserManagement -status list after wait for Enabled
07:51:06.595 INFO  AdminUserManagement --- Select --
07:51:06.617 INFO  AdminUserManagement -Enabled
07:51:06.692 INFO  AdminUserManagement -Enabled is selected
07:51:06.708 INFO  AdminUserManagement -(10) Records Found before search button is clicked
07:51:06.754 INFO  AdminUserManagement -after wait_isClickable(searchButton)
07:51:06.811 INFO  AdminUserManagement -search button is clicked
07:51:07.179 INFO  AdminUserManagement -No Records Found after search button is clicked
07:51:07.390 INFO  AdminUserManagement -Alice Duval after wait in getByEmployeeName()
07:51:07.650 INFO  AdminUserManagement -Alice Duval clicked
07:51:07.674 INFO  AdminUserManagement -after wait_isClickable(status)
07:51:07.903 INFO  AdminUserManagement -clicked on status
07:51:07.949 INFO  AdminUserManagement -status list after wait for Enabled
07:51:07.959 INFO  AdminUserManagement --- Select --
07:51:07.974 INFO  AdminUserManagement -Enabled
07:51:08.225 INFO  AdminUserManagement -Enabled is selected
07:51:08.232 INFO  AdminUserManagement -(10) Records Found before search button is clicked
07:51:08.253 INFO  AdminUserManagement -after wait_isClickable(searchButton)
07:51:08.487 INFO  AdminUserManagement -search button is clicked
07:51:08.772 INFO  AdminUserManagement -No Records Found after search button is clicked
07:51:17.299 INFO  LeaveListTest -BaseURL loaded
07:51:18.272 INFO  LeaveListTest -login successful
07:51:20.252 INFO  LeaveListTest -BaseURL loaded
07:51:21.756 INFO  LeaveListTest -login successful
07:51:34.582 INFO  LeaveList -Records: No Records Found
07:51:43.578 INFO  LeaveList -Records: (7) Records Found
07:54:52.750 INFO  AdminUserManagement -delete( JJSwifto )
07:54:52.753 INFO  AdminUserManagement -(12) Records Found
07:54:52.876 INFO  AdminUserManagement -JJSwifto userName is entered
07:54:52.899 INFO  AdminUserManagement -(12) Records Found before search button is clicked
07:54:52.965 INFO  AdminUserManagement -after wait_isClickable(searchButton)
07:54:53.030 INFO  AdminUserManagement -search button is clicked
07:54:53.360 INFO  AdminUserManagement -No Records Found after search button is clicked
07:54:53.579 INFO  AdminUserManagement -username records after refresh: No Records Found
07:54:54.325 INFO  AdminUserManagement -add button clicked to add user: JJSwifto
07:54:55.150 INFO  AdminUserManagement -delete( oLMorgan )
07:54:55.150 INFO  AdminUserManagement -(12) Records Found
07:54:55.449 INFO  AdminUserManagement -oLMorgan userName is entered
07:54:55.463 INFO  AdminUserManagement -(12) Records Found before search button is clicked
07:54:55.502 INFO  AdminUserManagement -after wait_isClickable(searchButton)
07:54:55.744 INFO  AdminUserManagement -search button is clicked
07:54:55.830 INFO  AdminUserManagement -No Records Found after search button is clicked
07:54:55.835 INFO  AdminUserManagement -username records after refresh: No Records Found
07:54:56.286 INFO  AdminUserManagement -add button clicked to add user: oLMorgan
07:54:56.286 INFO  AdminUserManagement -after pageRedirect https://opensource-demo.orangehrmlive.com/web/index.php/admin/saveSystemUser
07:54:56.297 INFO  AdminUserManagement -after pageRedirect https://opensource-demo.orangehrmlive.com/web/index.php/admin/saveSystemUser
07:54:56.455 INFO  AdminUserManagement -Searching....
07:54:56.924 INFO  AdminUserManagement -Searching....
07:54:57.568 INFO  AdminUserManagement -JJ Swift after wait in getByEmployeeName()
07:54:57.662 INFO  AdminUserManagement -clicked on userRoll for ESS
07:54:57.722 INFO  AdminUserManagement -user roll list after wait for: ESS
07:54:57.826 INFO  AdminUserManagement -ESS is selected
07:54:57.866 INFO  AdminUserManagement -Invalid
07:54:57.866 INFO  AdminUserManagement -addEmployee() JJ Swifto
07:54:58.628 INFO  PimModule -in addEmployee(): JJ Swifto
07:55:09.659 INFO  PimModule -add button clicked
07:55:10.143 INFO  PimModule -first name entered: JJ
07:55:21.246 INFO  AdminUserManagement -employee : JJ Swifto is available
07:55:21.246 INFO  AdminUserManagement -employee name entered JJ Swifto
07:55:21.246 INFO  AdminUserManagement -user roll entered
07:55:21.340 INFO  AdminUserManagement -after wait_isClickable(status)
07:55:21.403 INFO  AdminUserManagement -clicked on status
07:55:21.482 INFO  AdminUserManagement -status list after wait for Enabled
07:55:21.516 INFO  AdminUserManagement --- Select --
07:55:21.547 INFO  AdminUserManagement -Enabled
07:55:21.660 INFO  AdminUserManagement -Enabled is selected
07:55:21.832 INFO  AdminUserManagement -JJSwifto userName is entered
07:55:21.832 INFO  AdminUserManagement -username entered JJSwifto
07:55:21.954 INFO  AdminUserManagement -password entered JJSwifto
07:55:22.052 INFO  AdminUserManagement -password confirmed JJSwifto
07:55:22.100 INFO  AdminUserManagement -after wait_isClickable(saveButton) JJSwifto
07:55:22.180 INFO  AdminUserManagement -save button clicked JJSwifto
07:55:22.688 INFO  AdminUserManagement -Alice.Duval userName is entered
07:55:22.910 INFO  AdminUserManagement -clicked on userRoll for ESS
07:55:22.989 INFO  AdminUserManagement -user roll list after wait for: ESS
07:55:23.273 INFO  AdminUserManagement -ESS is selected
07:55:23.590 INFO  AdminUserManagement -Searching....
07:55:25.224 INFO  AdminUserManagement -Alice Duval after wait in getByEmployeeName()
07:55:25.471 INFO  AdminUserManagement -Alice Duval clicked
07:55:25.487 INFO  AdminUserManagement -after wait_isClickable(status)
07:55:25.725 INFO  AdminUserManagement -clicked on status
07:55:25.833 INFO  AdminUserManagement -status list after wait for Enabled
07:55:25.833 INFO  AdminUserManagement --- Select --
07:55:25.849 INFO  AdminUserManagement -Enabled
07:55:26.117 INFO  AdminUserManagement -Enabled is selected
07:55:26.133 INFO  AdminUserManagement -(13) Records Found before search button is clicked
07:55:26.180 INFO  AdminUserManagement -after wait_isClickable(searchButton)
07:55:26.418 INFO  AdminUserManagement -search button is clicked
07:55:26.546 INFO  AdminUserManagement -No Records Found after search button is clicked
07:55:32.241 INFO  AdminUserManagement -user added: JJSwiftoInvalid
07:55:35.397 INFO  AdminUserManagement -Alice.Duval userName is entered
07:55:35.445 INFO  AdminUserManagement -clicked on userRoll for ESS
07:55:35.503 INFO  AdminUserManagement -user roll list after wait for: ESS
07:55:35.608 INFO  AdminUserManagement -ESS is selected
07:55:35.796 INFO  AdminUserManagement -Searching....
07:55:36.924 INFO  AdminUserManagement -Alice Duval after wait in getByEmployeeName()
07:55:36.998 INFO  AdminUserManagement -Alice Duval clicked
07:55:37.059 INFO  AdminUserManagement -after wait_isClickable(status)
07:55:37.109 INFO  AdminUserManagement -clicked on status
07:55:37.172 INFO  AdminUserManagement -status list after wait for Enabled
07:55:37.186 INFO  AdminUserManagement --- Select --
07:55:37.215 INFO  AdminUserManagement -Enabled
07:55:37.294 INFO  AdminUserManagement -Enabled is selected
07:55:37.318 INFO  AdminUserManagement -(13) Records Found before search button is clicked
07:55:37.353 INFO  AdminUserManagement -after wait_isClickable(searchButton)
07:55:37.409 INFO  AdminUserManagement -search button is clicked
07:55:37.818 INFO  AdminUserManagement -No Records Found after search button is clicked
07:55:38.620 INFO  LeaveListTest -BaseURL loaded
07:55:40.440 INFO  LeaveListTest -login successful
07:55:47.379 INFO  LeaveListTest -BaseURL loaded
07:55:48.388 INFO  LeaveListTest -login successful
07:55:53.681 INFO  LeaveList -Records: (7) Records Found
07:55:54.487 INFO  LeaveList -Records: (7) Records Found
07:55:58.941 INFO  LeaveListTest -status selected
07:55:58.997 INFO  LeaveList -Records: (7) Records Found
08:21:07.399 INFO  AdminUserManagement -delete( HondaSwift )
08:21:07.401 INFO  AdminUserManagement -(43) Records Found
08:21:07.538 INFO  AdminUserManagement -HondaSwift userName is entered
08:21:07.566 INFO  AdminUserManagement -(43) Records Found before search button is clicked
08:21:07.631 INFO  AdminUserManagement -after wait_isClickable(searchButton)
08:21:07.700 INFO  AdminUserManagement -search button is clicked
08:21:08.070 INFO  AdminUserManagement -No Records Found after search button is clicked
08:21:08.077 INFO  AdminUserManagement -username records after refresh: No Records Found
08:21:08.540 INFO  AdminUserManagement -add button clicked to add user: HondaSwift
08:21:08.555 INFO  AdminUserManagement -after pageRedirect https://opensource-demo.orangehrmlive.com/web/index.php/admin/saveSystemUser
08:21:09.040 INFO  AdminUserManagement -Searching....
08:21:10.771 INFO  AdminUserManagement -No Records Found after wait in getByEmployeeName()
08:21:10.860 INFO  AdminUserManagement -clicked on userRoll for ESS
08:21:10.923 INFO  AdminUserManagement -user roll list after wait for: ESS
08:21:11.023 INFO  AdminUserManagement -ESS is selected
08:21:11.058 INFO  AdminUserManagement -Invalid
08:21:11.058 INFO  AdminUserManagement -addEmployee() Honda Swift
08:21:11.908 INFO  PimModule -in addEmployee(): Honda Swift
08:21:13.109 INFO  PimModule -add button clicked
08:21:13.588 INFO  PimModule -first name entered: Honda
08:21:13.655 INFO  PimModule -last name entered: Swift
08:21:15.840 INFO  PimModule -save button clicked for: Honda Swift
08:21:17.926 INFO  PimModule -Successfully Saved
08:21:17.958 INFO  AdminUserManagement -Honda Swift Successfully SavedHonda Swift
08:21:21.843 INFO  AdminUserManagement -navigate to viewSystemUsers page after addEmployee() Honda Swift
08:21:22.703 INFO  AdminUserManagement -add button clicked to add user: HondaSwift after addEmployee()
08:21:22.716 INFO  AdminUserManagement -after pageRedirect in addUser(HondaSwift ) https://opensource-demo.orangehrmlive.com/web/index.php/admin/saveSystemUser
08:21:23.192 INFO  AdminUserManagement -Searching....
08:21:24.804 INFO  AdminUserManagement -Honda Swift after wait in getByEmployeeName()
08:21:24.883 INFO  AdminUserManagement -Honda Swift clicked
08:21:24.922 INFO  AdminUserManagement -clicked on userRoll for ESS
08:21:24.977 INFO  AdminUserManagement -user roll list after wait for: ESS
08:21:25.080 INFO  AdminUserManagement -ESS is selected
08:21:25.081 INFO  AdminUserManagement -employee name entered Honda Swift
08:21:25.081 INFO  AdminUserManagement -user roll entered
08:21:25.122 INFO  AdminUserManagement -after wait_isClickable(status)
08:21:25.169 INFO  AdminUserManagement -clicked on status
08:21:25.227 INFO  AdminUserManagement -status list after wait for Enabled
08:21:25.246 INFO  AdminUserManagement --- Select --
08:21:25.266 INFO  AdminUserManagement -Enabled
08:21:25.345 INFO  AdminUserManagement -Enabled is selected
08:21:25.498 INFO  AdminUserManagement -HondaSwift userName is entered
08:21:25.498 INFO  AdminUserManagement -username entered HondaSwift
08:21:25.576 INFO  AdminUserManagement -password entered HondaSwift
08:21:25.656 INFO  AdminUserManagement -password confirmed HondaSwift
08:21:25.696 INFO  AdminUserManagement -after wait_isClickable(saveButton) HondaSwift
08:21:25.734 INFO  AdminUserManagement -save button clicked HondaSwift
08:21:27.387 INFO  AdminUserManagement -
08:21:27.387 INFO  AdminUserManagement -user added: HondaSwift
08:21:27.397 INFO  AdminUserManagement -before wait_pageRedirect https://opensource-demo.orangehrmlive.com/web/index.php/admin/saveSystemUser
08:21:30.247 INFO  AdminUserManagement -after wait_pageRedirect https://opensource-demo.orangehrmlive.com/web/index.php/admin/viewSystemUsers
08:21:30.247 INFO  AdminUserManagement -redirected to user management- user page
08:21:30.675 INFO  AdminUserManagement -HondaSwift userName is entered
08:21:30.675 INFO  AdminUserManagement -HondaSwift UserName entered
08:21:31.068 INFO  AdminUserManagement -(44) Records Found before search button is clicked
08:21:31.109 INFO  AdminUserManagement -after wait_isClickable(searchButton)
08:21:31.156 INFO  AdminUserManagement -search button is clicked
08:21:31.585 INFO  AdminUserManagement -(1) Record Found after search button is clicked
08:21:31.684 INFO  AdminUserManagement -delete button clicked for HondaSwift
08:21:31.783 INFO  AdminUserManagement -confirmed delete: HondaSwift
08:21:34.245 INFO  AdminUserManagement -Alice.Duval userName is entered
08:21:34.286 INFO  AdminUserManagement -clicked on userRoll for ESS
08:21:34.345 INFO  AdminUserManagement -user roll list after wait for: ESS
08:21:34.452 INFO  AdminUserManagement -ESS is selected
08:21:34.707 INFO  AdminUserManagement -Searching....
08:21:36.439 INFO  AdminUserManagement -Alice Duval after wait in getByEmployeeName()
08:21:36.501 INFO  AdminUserManagement -Alice Duval clicked
08:21:36.540 INFO  AdminUserManagement -after wait_isClickable(status)
08:21:36.584 INFO  AdminUserManagement -clicked on status
08:21:36.634 INFO  AdminUserManagement -status list after wait for Enabled
08:21:36.649 INFO  AdminUserManagement --- Select --
08:21:36.669 INFO  AdminUserManagement -Enabled
08:21:36.753 INFO  AdminUserManagement -Enabled is selected
08:21:36.773 INFO  AdminUserManagement -(43) Records Found before search button is clicked
08:21:36.801 INFO  AdminUserManagement -after wait_isClickable(searchButton)
08:21:36.858 INFO  AdminUserManagement -search button is clicked
08:21:37.216 INFO  AdminUserManagement -(1) Record Found after search button is clicked
08:35:42.804 INFO  AdminUserManagement -delete( JJSwifto )
08:35:42.909 INFO  AdminUserManagement -JJSwifto userName is entered
08:35:42.934 INFO  AdminUserManagement -(44) Records Found before search button is clicked
08:35:42.982 INFO  AdminUserManagement -after wait_isClickable(searchButton)
08:35:43.036 INFO  AdminUserManagement -search button is clicked
08:35:43.360 INFO  AdminUserManagement -No Records Found after search button is clicked
08:35:43.368 INFO  AdminUserManagement -username records after refresh: No Records Found
08:35:43.825 INFO  AdminUserManagement -add button clicked to add user: JJSwifto
08:35:43.838 INFO  AdminUserManagement -after pageRedirect https://opensource-demo.orangehrmlive.com/web/index.php/admin/saveSystemUser
08:35:44.363 INFO  AdminUserManagement -Searching....
08:35:45.484 INFO  AdminUserManagement -No Records Found after wait in getByEmployeeName()
08:35:45.571 INFO  AdminUserManagement -clicked on userRoll for ESS
08:35:45.634 INFO  AdminUserManagement -user roll list after wait for: ESS
08:35:45.740 INFO  AdminUserManagement -ESS is selected
08:35:45.778 INFO  AdminUserManagement -Invalid now add employee: JJ Swifto
08:35:45.778 INFO  AdminUserManagement -addEmployee() JJ Swifto
08:35:48.339 INFO  PimModule -in addEmployee(): JJ Swifto
08:35:49.477 INFO  PimModule -add button clicked
08:35:52.744 INFO  AdminUserManagement -Alice.Duval userName is entered
08:35:52.969 INFO  AdminUserManagement -clicked on userRoll for ESS
08:35:53.045 INFO  AdminUserManagement -user roll list after wait for: ESS
08:35:53.354 INFO  AdminUserManagement -ESS is selected
08:35:53.570 INFO  AdminUserManagement -Alice.Duval userName is entered
08:35:53.616 INFO  AdminUserManagement -Searching....
08:35:53.622 INFO  AdminUserManagement -clicked on userRoll for ESS
08:35:53.676 INFO  AdminUserManagement -user roll list after wait for: ESS
08:35:53.914 INFO  AdminUserManagement -ESS is selected
08:35:54.052 INFO  AdminUserManagement -Searching....
08:35:55.223 INFO  AdminUserManagement -Alice Duval after wait in getByEmployeeName()
08:35:55.484 INFO  AdminUserManagement -Alice Duval clicked
08:35:55.512 INFO  AdminUserManagement -after wait_isClickable(status)
08:35:55.736 INFO  AdminUserManagement -Alice Duval after wait in getByEmployeeName()
08:35:55.738 INFO  AdminUserManagement -clicked on status
08:35:55.781 INFO  AdminUserManagement -status list after wait for Enabled
08:35:55.788 INFO  AdminUserManagement --- Select --
08:35:55.803 INFO  AdminUserManagement -Enabled
08:35:55.808 INFO  AdminUserManagement -Alice Duval clicked
08:35:55.851 INFO  AdminUserManagement -after wait_isClickable(status)
08:35:55.888 INFO  AdminUserManagement -clicked on status
08:35:56.055 INFO  AdminUserManagement -Enabled is selected
08:35:56.067 INFO  AdminUserManagement -(44) Records Found before search button is clicked
08:35:56.095 INFO  AdminUserManagement -after wait_isClickable(searchButton)
08:35:56.333 INFO  AdminUserManagement -search button is clicked
08:35:56.457 INFO  AdminUserManagement -(1) Record Found after search button is clicked
08:36:03.061 INFO  LeaveListTest -BaseURL loaded
08:36:04.146 INFO  LeaveListTest -login successful
08:36:08.386 INFO  LeaveListTest -BaseURL loaded
08:36:20.190 INFO  LeaveListTest -login successful
08:36:28.747 INFO  LeaveList -Records: (12) Records Found
08:36:33.844 INFO  LeaveList -Records: (12) Records Found
08:36:34.667 INFO  LeaveListTest -status selected
08:36:34.755 INFO  LeaveList -Records: (12) Records Found
08:39:53.914 INFO  AdminUserManagement -delete( JJSwifto )
08:39:54.024 INFO  AdminUserManagement -JJSwifto userName is entered
08:39:54.049 INFO  AdminUserManagement -(44) Records Found before search button is clicked
08:39:54.097 INFO  AdminUserManagement -after wait_isClickable(searchButton)
08:39:54.152 INFO  AdminUserManagement -search button is clicked
08:39:54.512 INFO  AdminUserManagement -No Records Found after search button is clicked
08:39:54.520 INFO  AdminUserManagement -username records after refresh: No Records Found
08:39:55.025 INFO  AdminUserManagement -add button clicked to add user: JJSwifto
08:39:55.038 INFO  AdminUserManagement -after pageRedirect https://opensource-demo.orangehrmlive.com/web/index.php/admin/saveSystemUser
08:39:55.555 INFO  AdminUserManagement -Searching....
08:39:56.690 INFO  AdminUserManagement -No Records Found after wait in getByEmployeeName()
08:39:56.792 INFO  AdminUserManagement -clicked on userRoll for ESS
08:39:56.858 INFO  AdminUserManagement -user roll list after wait for: ESS
08:39:56.977 INFO  AdminUserManagement -ESS is selected
08:39:57.048 INFO  AdminUserManagement -Invalid now add employee: JJ Swifto
08:39:57.048 INFO  AdminUserManagement -addEmployee() JJ Swifto
08:39:57.796 INFO  PimModule -in addEmployee(): JJ Swifto
08:40:07.858 INFO  AdminUserManagement -employee : JJ Swifto is available
08:40:07.858 INFO  AdminUserManagement -employee name entered JJ Swifto
08:40:07.858 INFO  AdminUserManagement -user roll entered
08:40:07.931 INFO  AdminUserManagement -after wait_isClickable(status)
08:40:07.982 INFO  AdminUserManagement -clicked on status
08:40:08.046 INFO  AdminUserManagement -status list after wait for Enabled
08:40:08.067 INFO  AdminUserManagement -Current Employees Only
08:40:08.094 INFO  AdminUserManagement -Current and Past Employees
08:40:08.112 INFO  AdminUserManagement -Past Employees Only
08:40:08.287 INFO  AdminUserManagement -JJSwifto userName is entered
08:40:08.287 INFO  AdminUserManagement -username entered JJSwifto
08:40:14.085 INFO  AdminUserManagement -delete( oLMorgan )
08:40:14.369 INFO  AdminUserManagement -oLMorgan userName is entered
08:40:14.379 INFO  AdminUserManagement -(44) Records Found before search button is clicked
08:40:14.411 INFO  AdminUserManagement -after wait_isClickable(searchButton)
08:40:14.664 INFO  AdminUserManagement -search button is clicked
08:40:14.769 INFO  AdminUserManagement -No Records Found after search button is clicked
08:40:14.776 INFO  AdminUserManagement -username records after refresh: No Records Found
08:40:15.226 INFO  AdminUserManagement -add button clicked to add user: oLMorgan
08:40:15.228 INFO  AdminUserManagement -after pageRedirect https://opensource-demo.orangehrmlive.com/web/index.php/admin/saveSystemUser
08:40:15.872 INFO  AdminUserManagement -Searching....
08:40:17.524 INFO  AdminUserManagement -No Records Found after wait in getByEmployeeName()
08:40:17.780 INFO  AdminUserManagement -clicked on userRoll for ESS
08:40:17.866 INFO  AdminUserManagement -user roll list after wait for: ESS
08:40:18.163 INFO  AdminUserManagement -ESS is selected
08:40:18.214 INFO  AdminUserManagement -Invalid now add employee: oLisa Morgan
08:40:18.214 INFO  AdminUserManagement -addEmployee() oLisa Morgan
08:40:19.014 INFO  PimModule -in addEmployee(): oLisa Morgan
08:40:20.231 INFO  PimModule -add button clicked
08:40:20.603 INFO  PimModule -first name entered: oLisa
08:40:20.636 INFO  PimModule -last name entered: Morgan
08:40:21.002 INFO  AdminUserManagement -Alice.Duval userName is entered
08:40:21.049 INFO  AdminUserManagement -clicked on userRoll for ESS
08:40:21.123 INFO  AdminUserManagement -user roll list after wait for: ESS
08:40:21.395 INFO  AdminUserManagement -ESS is selected
08:40:21.536 INFO  AdminUserManagement -Searching....
08:40:22.929 INFO  PimModule -save button clicked for: oLisa Morgan
08:40:23.233 INFO  AdminUserManagement -Alice Duval after wait in getByEmployeeName()
08:40:23.345 INFO  AdminUserManagement -Alice Duval clicked
08:40:23.408 INFO  AdminUserManagement -after wait_isClickable(status)
08:40:23.477 INFO  AdminUserManagement -clicked on status
08:40:23.549 INFO  AdminUserManagement -status list after wait for Enabled
08:40:23.591 INFO  AdminUserManagement --- Select --
08:40:23.624 INFO  AdminUserManagement -Enabled
08:40:23.703 INFO  AdminUserManagement -Enabled is selected
08:40:23.724 INFO  AdminUserManagement -(44) Records Found before search button is clicked
08:40:23.762 INFO  AdminUserManagement -after wait_isClickable(searchButton)
08:40:23.810 INFO  AdminUserManagement -search button is clicked
08:40:24.418 INFO  AdminUserManagement -(1) Record Found after search button is clicked
08:40:24.945 INFO  PimModule -Successfully Saved
08:40:24.962 INFO  AdminUserManagement -oLisa Morgan Successfully SavedoLisa Morgan
08:40:28.882 INFO  AdminUserManagement -navigate to viewSystemUsers page after addEmployee() oLisa Morgan
08:40:30.061 INFO  AdminUserManagement -add button clicked to add user: oLMorgan after addEmployee()
08:40:30.064 INFO  AdminUserManagement -after pageRedirect in addUser(oLMorgan ) https://opensource-demo.orangehrmlive.com/web/index.php/admin/saveSystemUser
08:40:30.842 INFO  AdminUserManagement -Searching....
08:40:31.278 INFO  LeaveListTest -BaseURL loaded
08:40:32.007 INFO  AdminUserManagement -oLisa Morgan after wait in getByEmployeeName()
08:40:32.242 INFO  LeaveListTest -login successful
08:40:32.253 INFO  AdminUserManagement -oLisa Morgan clicked
08:40:32.487 INFO  AdminUserManagement -clicked on userRoll for ESS
08:40:32.546 INFO  AdminUserManagement -user roll list after wait for: ESS
08:40:32.847 INFO  AdminUserManagement -ESS is selected
08:40:32.848 INFO  AdminUserManagement -employee name entered oLisa Morgan
08:40:32.848 INFO  AdminUserManagement -user roll entered
08:40:32.880 INFO  AdminUserManagement -after wait_isClickable(status)
08:40:33.105 INFO  AdminUserManagement -clicked on status
08:40:33.174 INFO  AdminUserManagement -status list after wait for Enabled
08:40:33.182 INFO  AdminUserManagement --- Select --
08:40:33.195 INFO  AdminUserManagement -Enabled
08:40:33.429 INFO  AdminUserManagement -Enabled is selected
08:40:33.661 INFO  AdminUserManagement -oLMorgan userName is entered
08:40:33.661 INFO  AdminUserManagement -username entered oLMorgan
08:40:33.683 INFO  AdminUserManagement -password entered oLMorgan
08:40:33.706 INFO  AdminUserManagement -password confirmed oLMorgan
08:40:33.736 INFO  AdminUserManagement -after wait_isClickable(saveButton) oLMorgan
08:40:33.970 INFO  AdminUserManagement -save button clicked oLMorgan
08:40:35.527 INFO  AdminUserManagement -Successfully Saved
08:40:35.527 INFO  AdminUserManagement -user added: oLMorganSuccessfully Saved
08:40:35.743 INFO  AdminUserManagement -before wait_pageRedirect https://opensource-demo.orangehrmlive.com/web/index.php/leave/viewLeaveList
08:40:38.192 INFO  LeaveList -Records: (12) Records Found
08:40:40.228 INFO  AdminUserManagement -navigate to viewSystemUsers page in catch block
08:40:40.228 INFO  AdminUserManagement -redirected to user management- user page
08:40:40.509 INFO  AdminUserManagement -oLMorgan userName is entered
08:40:40.510 INFO  AdminUserManagement -oLMorgan UserName entered
08:40:40.520 INFO  AdminUserManagement -(45) Records Found before search button is clicked
08:40:40.541 INFO  AdminUserManagement -after wait_isClickable(searchButton)
08:40:40.793 INFO  AdminUserManagement -search button is clicked
08:40:40.981 INFO  AdminUserManagement -(1) Record Found after search button is clicked
08:40:41.225 INFO  AdminUserManagement -delete button clicked for oLMorgan
08:40:41.460 INFO  AdminUserManagement -confirmed delete: oLMorgan
08:40:44.534 INFO  AdminUserManagement -Alice.Duval userName is entered
08:40:44.754 INFO  AdminUserManagement -clicked on userRoll for ESS
08:40:44.928 INFO  AdminUserManagement -user roll list after wait for: ESS
08:40:45.212 INFO  AdminUserManagement -ESS is selected
08:40:45.497 INFO  AdminUserManagement -Searching....
08:40:47.146 INFO  AdminUserManagement -Alice Duval after wait in getByEmployeeName()
08:40:47.401 INFO  AdminUserManagement -Alice Duval clicked
08:40:47.435 INFO  AdminUserManagement -after wait_isClickable(status)
08:40:47.667 INFO  AdminUserManagement -clicked on status
08:40:47.727 INFO  AdminUserManagement -status list after wait for Enabled
08:40:47.737 INFO  AdminUserManagement --- Select --
08:40:47.746 INFO  AdminUserManagement -Enabled
08:40:47.991 INFO  AdminUserManagement -Enabled is selected
08:40:47.997 INFO  AdminUserManagement -(44) Records Found before search button is clicked
08:40:48.220 INFO  AdminUserManagement -after wait_isClickable(searchButton)
08:40:48.679 INFO  AdminUserManagement -search button is clicked
08:40:49.107 INFO  AdminUserManagement -(1) Record Found after search button is clicked
08:41:01.473 INFO  LeaveListTest -BaseURL loaded
08:41:03.001 INFO  LeaveListTest -login successful
08:41:16.992 INFO  LeaveList -Records: (12) Records Found
09:40:23.003 INFO  AdminUserManagement -delete( JJSwifto )
09:40:23.272 INFO  AdminUserManagement -JJSwifto userName is entered
09:40:23.314 INFO  AdminUserManagement -(48) Records Found before search button is clicked
09:40:23.424 INFO  AdminUserManagement -after wait_isClickable(searchButton)
09:40:23.556 INFO  AdminUserManagement -search button is clicked
09:40:23.939 INFO  AdminUserManagement -No Records Found after search button is clicked
09:40:23.955 INFO  AdminUserManagement -username records after refresh: No Records Found
09:40:24.637 INFO  AdminUserManagement -add button clicked to add user: JJSwifto
09:40:24.666 INFO  AdminUserManagement -after pageRedirect https://opensource-demo.orangehrmlive.com/web/index.php/admin/saveSystemUser
09:40:25.434 INFO  AdminUserManagement -Searching....
09:40:26.721 INFO  AdminUserManagement -No Records Found after wait in getByEmployeeName()
09:40:26.867 INFO  AdminUserManagement -clicked on userRoll for ESS
09:40:26.988 INFO  AdminUserManagement -user roll list after wait for: ESS
09:40:27.198 INFO  AdminUserManagement -ESS is selected
09:40:27.347 INFO  AdminUserManagement -Invalid now add employee: JJ Swifto
09:40:27.347 INFO  AdminUserManagement -addEmployee() JJ Swifto
09:40:28.439 INFO  PimModule -in addEmployee(): JJ Swifto
09:40:29.903 INFO  PimModule -add button clicked to add employee
09:40:30.457 INFO  PimModule -first name entered: JJ
09:40:30.597 INFO  PimModule -last name entered: Swifto
09:40:32.904 INFO  PimModule -save button clicked for: JJ Swifto
09:40:35.011 INFO  PimModule -Successfully Saved
09:40:35.097 INFO  AdminUserManagement -JJ Swifto Successfully SavedJJ Swifto
09:40:43.867 INFO  AdminUserManagement -navigate to viewSystemUsers page after addEmployee() JJ Swifto
09:40:44.931 INFO  AdminUserManagement -add button clicked to add user: JJSwifto after addEmployee() in addUser(JJSwifto)
09:40:46.420 INFO  AdminUserManagement -delete( oLMorgan )
09:40:46.837 INFO  AdminUserManagement -oLMorgan userName is entered
09:40:46.857 INFO  AdminUserManagement -(48) Records Found before search button is clicked
09:40:46.916 INFO  AdminUserManagement -after wait_isClickable(searchButton)
09:40:47.197 INFO  AdminUserManagement -search button is clicked
09:40:47.392 INFO  AdminUserManagement -No Records Found after search button is clicked
09:40:47.414 INFO  AdminUserManagement -username records after refresh: No Records Found
09:40:48.141 INFO  AdminUserManagement -add button clicked to add user: oLMorgan
09:40:48.159 INFO  AdminUserManagement -after pageRedirect in addUser(JJSwifto ) https://opensource-demo.orangehrmlive.com/web/index.php/admin/saveSystemUser
09:40:48.163 INFO  AdminUserManagement -after pageRedirect https://opensource-demo.orangehrmlive.com/web/index.php/admin/saveSystemUser
09:40:48.754 INFO  AdminUserManagement -Searching....
09:40:49.145 INFO  AdminUserManagement -Searching....
09:40:50.326 INFO  AdminUserManagement -oLisa Morgan after wait in getByEmployeeName()
09:40:50.602 INFO  AdminUserManagement -JJ Swifto after wait in getByEmployeeName()
09:40:50.657 INFO  AdminUserManagement -oLisa Morgan clicked
09:40:50.759 INFO  AdminUserManagement -JJ Swifto clicked
09:40:50.860 INFO  AdminUserManagement -clicked on userRoll for ESS
09:40:50.907 INFO  AdminUserManagement -clicked on userRoll for ESS
09:40:50.979 INFO  AdminUserManagement -user roll list after wait for: ESS
09:40:51.105 INFO  AdminUserManagement -user roll list after wait for: ESS
09:40:51.227 INFO  AdminUserManagement -ESS is selected
09:40:51.229 INFO  AdminUserManagement -employee name entered JJ Swifto in addUser(JJSwifto)
09:40:51.229 INFO  AdminUserManagement -user roll entered in addUser(JJSwifto)
09:40:51.319 INFO  AdminUserManagement -after wait_isClickable(status)
09:40:51.412 INFO  AdminUserManagement -clicked on status
09:40:51.468 INFO  AdminUserManagement -ESS is selected
09:40:51.552 INFO  AdminUserManagement -status list after wait for Enabled
09:40:51.597 INFO  AdminUserManagement --- Select --
09:40:51.634 INFO  AdminUserManagement -Enabled
09:40:51.812 INFO  AdminUserManagement -Enabled is selected
09:40:51.812 INFO  AdminUserManagement -status entered in addUser(JJSwifto)
09:40:52.064 INFO  AdminUserManagement -JJSwifto userName is entered
09:40:52.065 INFO  AdminUserManagement -username entered JJSwifto in addUser(JJSwifto)
09:40:52.215 INFO  AdminUserManagement -password entered JJSwifto
09:40:52.377 INFO  AdminUserManagement -password confirmed JJSwifto
09:40:52.460 INFO  AdminUserManagement -after wait_isClickable(saveButton) JJSwifto in addUser(JJSwifto)
09:40:52.580 INFO  AdminUserManagement -save button clicked JJSwifto in addUser(JJSwifto)
09:40:54.417 INFO  AdminUserManagement -Successfully Saved
09:40:54.419 INFO  AdminUserManagement -user added: JJSwiftoSuccessfully Saved in addUser(JJSwifto)
09:41:01.495 INFO  AdminUserManagement -employee : oLisa Morgan is available
09:41:01.495 INFO  AdminUserManagement -employee name entered oLisa Morgan in addUser(oLMorgan)
09:41:01.495 INFO  AdminUserManagement -user roll entered in addUser(oLMorgan)
09:41:01.495 INFO  AdminUserManagement -before wait_pageRedirect https://opensource-demo.orangehrmlive.com/web/index.php/admin/saveSystemUser
09:41:01.601 INFO  AdminUserManagement -after wait_isClickable(status)
09:41:01.880 INFO  AdminUserManagement -clicked on status
09:41:01.960 INFO  AdminUserManagement -status list after wait for Enabled
09:41:01.992 INFO  AdminUserManagement --- Select --
09:41:02.007 INFO  AdminUserManagement -Enabled
09:41:02.304 INFO  AdminUserManagement -Enabled is selected
09:41:02.304 INFO  AdminUserManagement -status entered in addUser(oLMorgan)
09:41:02.620 INFO  AdminUserManagement -oLMorgan userName is entered
09:41:02.621 INFO  AdminUserManagement -username entered oLMorgan in addUser(oLMorgan)
09:41:02.689 INFO  AdminUserManagement -password entered oLMorgan
09:41:02.760 INFO  AdminUserManagement -password confirmed oLMorgan
09:41:02.849 INFO  AdminUserManagement -after wait_isClickable(saveButton) oLMorgan in addUser(oLMorgan)
09:41:03.117 INFO  AdminUserManagement -save button clicked oLMorgan in addUser(oLMorgan)
09:41:04.836 INFO  AdminUserManagement -Successfully Saved
09:41:04.836 INFO  AdminUserManagement -user added: oLMorganSuccessfully Saved in addUser(oLMorgan)
09:41:05.530 INFO  AdminUserManagement -navigate to viewSystemUsers page in catch block
09:41:05.530 INFO  AdminUserManagement -redirected to user management- user page
09:41:05.530 INFO  AdminUserManagement -before wait_pageRedirect https://opensource-demo.orangehrmlive.com/web/index.php/admin/viewSystemUsers
09:41:05.559 INFO  AdminUserManagement -after wait_pageRedirect https://opensource-demo.orangehrmlive.com/web/index.php/admin/viewSystemUsers
09:41:05.559 INFO  AdminUserManagement -redirected to user management- user page
09:41:05.978 INFO  AdminUserManagement -JJSwifto userName is entered
09:41:05.978 INFO  AdminUserManagement -JJSwifto UserName entered
09:41:06.054 INFO  AdminUserManagement -(49) Records Found before search button is clicked
09:41:06.152 INFO  AdminUserManagement -after wait_isClickable(searchButton)
09:41:06.382 INFO  AdminUserManagement -search button is clicked
09:41:06.562 INFO  AdminUserManagement -oLMorgan userName is entered
09:41:06.565 INFO  AdminUserManagement -oLMorgan UserName entered
09:41:06.932 INFO  AdminUserManagement -(1) Record Found after search button is clicked
09:41:07.084 INFO  AdminUserManagement -(50) Records Found before search button is clicked
09:41:07.133 INFO  AdminUserManagement -after wait_isClickable(searchButton)
09:41:07.138 INFO  AdminUserManagement -delete button clicked for JJSwifto
09:41:07.298 INFO  AdminUserManagement -confirmed delete: JJSwifto
09:41:07.403 INFO  AdminUserManagement -search button is clicked
09:41:07.612 INFO  AdminUserManagement -(1) Record Found after search button is clicked
09:41:07.970 INFO  AdminUserManagement -delete button clicked for oLMorgan
09:41:08.270 INFO  AdminUserManagement -confirmed delete: oLMorgan
09:41:11.587 INFO  AdminUserManagement -Alice.Duval userName is entered
09:41:12.151 INFO  AdminUserManagement -clicked on userRoll for ESS
09:41:12.218 INFO  AdminUserManagement -Alice.Duval userName is entered
09:41:12.389 INFO  AdminUserManagement -user roll list after wait for: ESS
09:41:12.613 INFO  AdminUserManagement -ESS is selected
09:41:12.772 INFO  AdminUserManagement -clicked on userRoll for ESS
09:41:12.920 INFO  AdminUserManagement -user roll list after wait for: ESS
09:41:13.117 INFO  AdminUserManagement -Searching....
09:41:13.308 INFO  AdminUserManagement -ESS is selected
09:41:13.684 INFO  AdminUserManagement -Searching....
09:41:14.349 INFO  AdminUserManagement -Alice Duval after wait in getByEmployeeName()
09:41:14.530 INFO  AdminUserManagement -Alice Duval clicked
09:41:14.627 INFO  AdminUserManagement -after wait_isClickable(status)
09:41:14.756 INFO  AdminUserManagement -clicked on status
09:41:14.956 INFO  AdminUserManagement -status list after wait for Enabled
09:41:15.031 INFO  AdminUserManagement --- Select --
09:41:15.098 INFO  AdminUserManagement -Enabled
09:41:15.352 INFO  AdminUserManagement -Alice Duval after wait in getByEmployeeName()
09:41:15.352 INFO  AdminUserManagement -Enabled is selected
09:41:15.419 INFO  AdminUserManagement -(48) Records Found before search button is clicked
09:41:15.543 INFO  AdminUserManagement -after wait_isClickable(searchButton)
09:41:15.638 INFO  AdminUserManagement -Alice Duval clicked
09:41:15.707 INFO  AdminUserManagement -search button is clicked
09:41:15.716 INFO  AdminUserManagement -after wait_isClickable(status)
09:41:15.972 INFO  AdminUserManagement -clicked on status
09:41:16.139 INFO  AdminUserManagement -status list after wait for Enabled
09:41:16.167 INFO  AdminUserManagement --- Select --
09:41:16.167 INFO  AdminUserManagement -(1) Record Found after search button is clicked
09:41:16.222 INFO  AdminUserManagement -Enabled
09:41:16.545 INFO  AdminUserManagement -Enabled is selected
09:41:16.561 INFO  AdminUserManagement -(48) Records Found before search button is clicked
09:41:16.609 INFO  AdminUserManagement -after wait_isClickable(searchButton)
09:41:16.865 INFO  AdminUserManagement -search button is clicked
09:41:17.150 INFO  AdminUserManagement -(1) Record Found after search button is clicked
09:41:31.026 INFO  LeaveListTest -BaseURL loaded
09:41:32.588 INFO  LeaveListTest -login successful
09:41:36.094 INFO  LeaveListTest -BaseURL loaded
09:41:38.588 INFO  LeaveListTest -login successful
09:41:59.175 INFO  LeaveList -Records: (7) Records Found
09:42:02.800 INFO  LeaveList -Records: (7) Records Found
09:42:17.312 INFO  LeaveListTest -status selected
09:42:17.476 INFO  LeaveList -Records: (7) Records Found
16:32:30.831 INFO  AdminUserManagement -delete( JJSwifto )
16:32:31.157 INFO  AdminUserManagement -JJSwifto userName is entered
16:32:31.206 INFO  AdminUserManagement -(35) Records Found before search button is clicked
16:32:31.354 INFO  AdminUserManagement -after wait_isClickable(searchButton)
16:32:31.518 INFO  AdminUserManagement -search button is clicked
16:32:31.996 INFO  AdminUserManagement -No Records Found after search button is clicked
16:32:32.057 INFO  AdminUserManagement -username records after refresh: No Records Found
16:32:33.038 INFO  AdminUserManagement -add button clicked to add user: JJSwifto
16:32:33.102 INFO  AdminUserManagement -after pageRedirect https://opensource-demo.orangehrmlive.com/web/index.php/admin/saveSystemUser
16:32:34.255 INFO  AdminUserManagement -Searching....
16:32:35.440 INFO  AdminUserManagement -No Records Found after wait in getByEmployeeName()
16:32:35.651 INFO  AdminUserManagement -clicked on userRoll for ESS
16:32:35.854 INFO  AdminUserManagement -user roll list after wait for: ESS
16:32:36.151 INFO  AdminUserManagement -ESS is selected
16:32:36.249 INFO  AdminUserManagement -Invalid now add employee: JJ Swifto
16:32:36.249 INFO  AdminUserManagement -addEmployee() JJ Swifto
16:32:37.137 INFO  PimModule -in addEmployee(): JJ Swifto
16:32:47.212 INFO  AdminUserManagement -employee : JJ Swifto is available
16:32:47.212 INFO  AdminUserManagement -employee name entered JJ Swifto in addUser(JJSwifto)
16:32:47.212 INFO  AdminUserManagement -user roll entered in addUser(JJSwifto)
16:32:47.361 INFO  AdminUserManagement -after wait_isClickable(status)
16:32:47.487 INFO  AdminUserManagement -clicked on status
16:32:47.677 INFO  AdminUserManagement -status list after wait for Enabled
16:32:47.730 INFO  AdminUserManagement -Current Employees Only
16:32:47.771 INFO  AdminUserManagement -Current and Past Employees
16:32:47.805 INFO  AdminUserManagement -Past Employees Only
16:32:47.819 INFO  AdminUserManagement -status entered in addUser(JJSwifto)
16:32:48.079 INFO  AdminUserManagement -JJSwifto userName is entered
16:32:48.079 INFO  AdminUserManagement -username entered JJSwifto in addUser(JJSwifto)
16:32:55.977 INFO  AdminUserManagement -delete( oLMorgan )
16:32:56.325 INFO  AdminUserManagement -oLMorgan userName is entered
16:32:56.351 INFO  AdminUserManagement -(35) Records Found before search button is clicked
16:32:56.431 INFO  AdminUserManagement -after wait_isClickable(searchButton)
16:32:56.713 INFO  AdminUserManagement -search button is clicked
16:32:56.855 INFO  AdminUserManagement -No Records Found after search button is clicked
16:32:56.868 INFO  AdminUserManagement -username records after refresh: No Records Found
16:32:57.666 INFO  AdminUserManagement -add button clicked to add user: oLMorgan
16:32:57.684 INFO  AdminUserManagement -after pageRedirect https://opensource-demo.orangehrmlive.com/web/index.php/admin/saveSystemUser
16:32:58.988 INFO  AdminUserManagement -Searching....
16:33:00.197 INFO  AdminUserManagement -No Records Found after wait in getByEmployeeName()
16:33:00.527 INFO  AdminUserManagement -clicked on userRoll for ESS
16:33:00.716 INFO  AdminUserManagement -user roll list after wait for: ESS
16:33:01.077 INFO  AdminUserManagement -ESS is selected
16:33:01.144 INFO  AdminUserManagement -Invalid now add employee: oLisa Morgan
16:33:01.144 INFO  AdminUserManagement -addEmployee() oLisa Morgan
16:33:02.220 INFO  PimModule -in addEmployee(): oLisa Morgan
16:33:02.389 INFO  AdminUserManagement -Alice.Duval userName is entered
16:33:02.507 INFO  AdminUserManagement -clicked on userRoll for ESS
16:33:02.872 INFO  AdminUserManagement -user roll list after wait for: ESS
16:33:03.175 INFO  AdminUserManagement -ESS is selected
16:33:03.679 INFO  PimModule -add button clicked to add employee
16:33:03.717 INFO  AdminUserManagement -Searching....
16:33:04.265 INFO  PimModule -first name entered: oLisa
16:33:04.309 INFO  PimModule -last name entered: Morgan
16:33:05.557 INFO  AdminUserManagement -Alice Duval after wait in getByEmployeeName()
16:33:05.842 INFO  AdminUserManagement -Alice Duval clicked
16:33:05.975 INFO  AdminUserManagement -after wait_isClickable(status)
16:33:06.132 INFO  AdminUserManagement -clicked on status
16:33:06.304 INFO  AdminUserManagement -status list after wait for Enabled
16:33:06.369 INFO  AdminUserManagement --- Select --
16:33:06.441 INFO  AdminUserManagement -Enabled
16:33:06.632 INFO  PimModule -save button clicked for: oLisa Morgan
16:33:06.692 INFO  AdminUserManagement -Enabled is selected
16:33:06.749 INFO  AdminUserManagement -(35) Records Found before search button is clicked
16:33:06.845 INFO  AdminUserManagement -after wait_isClickable(searchButton)
16:33:06.985 INFO  AdminUserManagement -search button is clicked
16:33:07.449 INFO  AdminUserManagement -(1) Record Found after search button is clicked
16:33:08.652 INFO  PimModule -Successfully Saved
16:33:08.694 INFO  AdminUserManagement -oLisa Morgan Successfully SavedoLisa Morgan
16:33:13.977 INFO  AdminUserManagement -navigate to viewSystemUsers page after addEmployee() oLisa Morgan
16:33:15.261 INFO  AdminUserManagement -add button clicked to add user: oLMorgan after addEmployee() in addUser(oLMorgan)
16:33:15.273 INFO  AdminUserManagement -after pageRedirect in addUser(oLMorgan ) https://opensource-demo.orangehrmlive.com/web/index.php/admin/saveSystemUser
16:33:16.122 INFO  AdminUserManagement -Searching....
16:33:17.243 INFO  AdminUserManagement -oLisa Morgan after wait in getByEmployeeName()
16:33:17.573 INFO  AdminUserManagement -oLisa Morgan clicked
16:33:17.828 INFO  AdminUserManagement -clicked on userRoll for ESS
16:33:17.983 INFO  AdminUserManagement -user roll list after wait for: ESS
16:33:18.350 INFO  AdminUserManagement -ESS is selected
16:33:18.350 INFO  AdminUserManagement -employee name entered oLisa Morgan in addUser(oLMorgan)
16:33:18.350 INFO  AdminUserManagement -user roll entered in addUser(oLMorgan)
16:33:18.456 INFO  AdminUserManagement -after wait_isClickable(status)
16:33:18.736 INFO  AdminUserManagement -clicked on status
16:33:18.892 INFO  AdminUserManagement -status list after wait for Enabled
16:33:18.923 INFO  AdminUserManagement --- Select --
16:33:18.971 INFO  AdminUserManagement -Enabled
16:33:19.286 INFO  AdminUserManagement -Enabled is selected
16:33:19.286 INFO  AdminUserManagement -status entered in addUser(oLMorgan)
16:33:19.588 INFO  AdminUserManagement -oLMorgan userName is entered
16:33:19.588 INFO  AdminUserManagement -username entered oLMorgan in addUser(oLMorgan)
16:33:19.649 INFO  AdminUserManagement -password entered oLMorgan
16:33:19.713 INFO  AdminUserManagement -password confirmed oLMorgan
16:33:19.787 INFO  AdminUserManagement -after wait_isClickable(saveButton) oLMorgan in addUser(oLMorgan)
16:33:20.034 INFO  AdminUserManagement -save button clicked oLMorgan in addUser(oLMorgan)
16:33:20.954 INFO  LeaveListTest -BaseURL loaded
16:33:21.988 INFO  AdminUserManagement -Successfully Saved
16:33:21.996 INFO  AdminUserManagement -user added: oLMorganSuccessfully Saved in addUser(oLMorgan)
16:33:22.273 INFO  AdminUserManagement -before wait_pageRedirect https://opensource-demo.orangehrmlive.com/web/index.php/auth/login
16:33:23.069 INFO  LeaveListTest -login successful
16:33:27.947 INFO  AdminUserManagement -navigate to viewSystemUsers page in catch block
16:33:27.948 INFO  AdminUserManagement -redirected to user management- user page
16:33:28.301 INFO  AdminUserManagement -oLMorgan userName is entered
16:33:28.301 INFO  AdminUserManagement -oLMorgan UserName entered
16:33:28.348 INFO  AdminUserManagement -(36) Records Found before search button is clicked
16:33:28.485 INFO  AdminUserManagement -after wait_isClickable(searchButton)
16:33:28.797 INFO  AdminUserManagement -search button is clicked
16:33:29.048 INFO  AdminUserManagement -(1) Record Found after search button is clicked
16:33:29.362 INFO  AdminUserManagement -delete button clicked for oLMorgan
16:33:29.664 INFO  AdminUserManagement -confirmed delete: oLMorgan
16:33:31.155 INFO  LeaveList -setFromDate()
16:33:31.907 INFO  LeaveList -clicked on fromDate
16:33:32.177 INFO  LeaveList -clicked on from month selector
16:33:32.842 INFO  LeaveList -June
16:33:33.044 INFO  LeaveList -from month selected
16:33:33.450 INFO  LeaveList -clicked on from year selector
16:33:33.892 INFO  AdminUserManagement -Alice.Duval userName is entered
16:33:34.127 INFO  AdminUserManagement -clicked on userRoll for ESS
16:33:34.195 INFO  AdminUserManagement -user roll list after wait for: ESS
16:33:34.473 INFO  LeaveList -2020
16:33:34.473 INFO  AdminUserManagement -ESS is selected
16:33:34.562 INFO  LeaveList -from year selected
16:33:34.819 INFO  AdminUserManagement -Searching....
16:33:35.120 INFO  LeaveList -2
16:33:35.308 INFO  LeaveList -from date selected
16:33:35.309 INFO  LeaveList -setToDate()
16:33:35.633 INFO  LeaveList -toDate is clear
16:33:36.006 INFO  LeaveList -to date is clicked
16:33:36.252 INFO  LeaveList -to month selector clicked
16:33:36.524 INFO  AdminUserManagement -Alice Duval after wait in getByEmployeeName()
16:33:36.774 INFO  LeaveList -July
16:33:36.860 INFO  AdminUserManagement -Alice Duval clicked
16:33:36.954 INFO  AdminUserManagement -after wait_isClickable(status)
16:33:36.966 INFO  LeaveList -to month is selected
16:33:37.220 INFO  AdminUserManagement -clicked on status
16:33:37.302 INFO  LeaveList -to year is clicked
16:33:37.387 INFO  AdminUserManagement -status list after wait for Enabled
16:33:37.414 INFO  AdminUserManagement --- Select --
16:33:37.451 INFO  AdminUserManagement -Enabled
16:33:37.777 INFO  AdminUserManagement -Enabled is selected
16:33:37.799 INFO  AdminUserManagement -(35) Records Found before search button is clicked
16:33:37.879 INFO  AdminUserManagement -after wait_isClickable(searchButton)
16:33:38.192 INFO  AdminUserManagement -search button is clicked
16:33:38.527 INFO  AdminUserManagement -(1) Record Found after search button is clicked
16:33:39.016 INFO  LeaveList -2021
16:33:39.201 INFO  LeaveList -to year is selected
16:33:39.835 INFO  LeaveList -to date is selected
16:33:40.531 INFO  LeaveListTest -status selected
16:33:40.737 INFO  LeaveList -Records: (13) Records Found
16:33:58.881 INFO  LeaveListTest -BaseURL loaded
16:34:01.323 INFO  LeaveListTest -login successful
16:34:17.376 INFO  LeaveList -Records: (13) Records Found
16:34:19.380 INFO  LeaveList -setFromDate()
16:34:19.783 INFO  LeaveList -clicked on fromDate
16:34:20.240 INFO  LeaveList -clicked on from month selector
17:21:58.712 INFO  AdminUserManagement -delete( JJSwifto )
17:21:58.880 INFO  AdminUserManagement -JJSwifto userName is entered
17:21:58.900 INFO  AdminUserManagement -(35) Records Found before search button is clicked
17:21:58.949 INFO  AdminUserManagement -after wait_isClickable(searchButton)
17:21:59.010 INFO  AdminUserManagement -search button is clicked
17:21:59.366 INFO  AdminUserManagement -No Records Found after search button is clicked
17:21:59.400 INFO  AdminUserManagement -username records after refresh: No Records Found
17:21:59.927 INFO  AdminUserManagement -add button clicked to add user: JJSwifto
17:21:59.946 INFO  AdminUserManagement -after pageRedirect https://opensource-demo.orangehrmlive.com/web/index.php/admin/saveSystemUser
17:22:00.551 INFO  AdminUserManagement -Searching....
17:22:01.652 INFO  AdminUserManagement -No Records Found after wait in getByEmployeeName()
17:22:01.790 INFO  AdminUserManagement -clicked on userRoll for ESS
17:22:01.888 INFO  AdminUserManagement -user roll list after wait for: ESS
17:22:02.019 INFO  AdminUserManagement -ESS is selected
17:22:02.061 INFO  AdminUserManagement -Invalid now add employee: JJ Swifto
17:22:02.061 INFO  AdminUserManagement -addEmployee() JJ Swifto
17:22:03.159 INFO  AdminUserManagement -go to pim page
17:22:03.159 INFO  AdminUserManagement -before pim.add_Employee()JJ Swifto
17:22:03.159 INFO  PimModule -in addEmployee(): JJ Swifto
17:22:04.182 INFO  PimModule -add button clicked to add employee
17:22:04.706 INFO  PimModule -first name entered: JJ
17:22:04.802 INFO  PimModule -last name entered: Swifto
17:22:05.708 INFO  AdminUserManagement -delete( oLMorgan )
17:22:05.973 INFO  AdminUserManagement -oLMorgan userName is entered
17:22:05.980 INFO  AdminUserManagement -(35) Records Found before search button is clicked
17:22:06.020 INFO  AdminUserManagement -after wait_isClickable(searchButton)
17:22:06.248 INFO  AdminUserManagement -search button is clicked
17:22:06.497 INFO  AdminUserManagement -No Records Found after search button is clicked
17:22:06.503 INFO  AdminUserManagement -username records after refresh: No Records Found
17:22:06.950 INFO  PimModule -save button clicked for: JJ Swifto
17:22:07.107 INFO  AdminUserManagement -add button clicked to add user: oLMorgan
17:22:07.113 INFO  AdminUserManagement -after pageRedirect https://opensource-demo.orangehrmlive.com/web/index.php/admin/saveSystemUser
17:22:07.774 INFO  AdminUserManagement -Searching....
17:22:09.028 INFO  PimModule -Successfully Saved
17:22:09.045 INFO  AdminUserManagement -JJ Swifto Successfully SavedJJ Swifto
17:22:09.386 INFO  AdminUserManagement -oLisa Morgan after wait in getByEmployeeName()
17:22:09.633 INFO  AdminUserManagement -oLisa Morgan clicked
17:22:09.866 INFO  AdminUserManagement -clicked on userRoll for ESS
17:22:09.914 INFO  AdminUserManagement -user roll list after wait for: ESS
17:22:10.190 INFO  AdminUserManagement -ESS is selected
17:22:12.427 INFO  AdminUserManagement -go to admin page
17:22:13.381 INFO  AdminUserManagement -go to user management page
17:22:20.203 INFO  AdminUserManagement -employee : oLisa Morgan is available
17:22:20.203 INFO  AdminUserManagement -employee name entered oLisa Morgan in addUser(oLMorgan)
17:22:20.203 INFO  AdminUserManagement -user roll entered in addUser(oLMorgan)
17:22:20.253 INFO  AdminUserManagement -after wait_isClickable(status)
17:22:20.495 INFO  AdminUserManagement -clicked on status
17:22:20.618 INFO  AdminUserManagement -status list after wait for Enabled
17:22:20.629 INFO  AdminUserManagement --- Select --
17:22:20.651 INFO  AdminUserManagement -Enabled
17:22:20.945 INFO  AdminUserManagement -Enabled is selected
17:22:20.945 INFO  AdminUserManagement -status entered in addUser(oLMorgan)
17:22:21.193 INFO  AdminUserManagement -oLMorgan userName is entered
17:22:21.194 INFO  AdminUserManagement -username entered oLMorgan in addUser(oLMorgan)
17:22:21.224 INFO  AdminUserManagement -password entered oLMorgan
17:22:21.255 INFO  AdminUserManagement -password confirmed oLMorgan
17:22:21.282 INFO  AdminUserManagement -after wait_isClickable(saveButton) oLMorgan in addUser(oLMorgan)
17:22:21.508 INFO  AdminUserManagement -save button clicked oLMorgan in addUser(oLMorgan)
17:22:22.768 INFO  AdminUserManagement -Alice.Duval userName is entered
17:22:22.834 INFO  AdminUserManagement -clicked on userRoll for ESS
17:22:22.893 INFO  AdminUserManagement -user roll list after wait for: ESS
17:22:22.916 INFO  AdminUserManagement -
17:22:22.916 INFO  AdminUserManagement -user added: oLMorgan in addUser(oLMorgan)
17:22:22.920 INFO  AdminUserManagement -before wait_pageRedirect https://opensource-demo.orangehrmlive.com/web/index.php/admin/saveSystemUser
17:22:23.040 INFO  AdminUserManagement -ESS is selected
17:22:23.194 INFO  AdminUserManagement -Searching....
17:22:24.461 INFO  AdminUserManagement -Alice Duval after wait in getByEmployeeName()
17:22:24.534 INFO  AdminUserManagement -Alice Duval clicked
17:22:24.585 INFO  AdminUserManagement -after wait_isClickable(status)
17:22:24.649 INFO  AdminUserManagement -clicked on status
17:22:24.716 INFO  AdminUserManagement -status list after wait for Enabled
17:22:24.736 INFO  AdminUserManagement --- Select --
17:22:24.754 INFO  AdminUserManagement -Enabled
17:22:24.834 INFO  AdminUserManagement -Enabled is selected
17:22:24.852 INFO  AdminUserManagement -(36) Records Found before search button is clicked
17:22:24.893 INFO  AdminUserManagement -after wait_isClickable(searchButton)
17:22:24.943 INFO  AdminUserManagement -search button is clicked
17:22:25.361 INFO  AdminUserManagement -(1) Record Found after search button is clicked
17:22:25.988 INFO  AdminUserManagement -after wait_pageRedirect https://opensource-demo.orangehrmlive.com/web/index.php/admin/viewSystemUsers
17:22:25.994 INFO  AdminUserManagement -redirected to user management- user page
17:22:26.612 INFO  AdminUserManagement -oLMorgan userName is entered
17:22:26.612 INFO  AdminUserManagement -oLMorgan UserName entered
17:22:27.273 INFO  AdminUserManagement -(36) Records Found before search button is clicked
17:22:27.327 INFO  AdminUserManagement -after wait_isClickable(searchButton)
17:22:27.622 INFO  AdminUserManagement -search button is clicked
17:22:27.749 INFO  AdminUserManagement -(1) Record Found after search button is clicked
17:22:27.998 INFO  AdminUserManagement -delete button clicked for oLMorgan
17:22:28.256 INFO  AdminUserManagement -confirmed delete: oLMorgan
17:22:30.924 INFO  AdminUserManagement -Alice.Duval userName is entered
17:22:31.153 INFO  AdminUserManagement -clicked on userRoll for ESS
17:22:31.221 INFO  AdminUserManagement -user roll list after wait for: ESS
17:22:31.488 INFO  AdminUserManagement -ESS is selected
17:22:31.761 INFO  AdminUserManagement -Searching....
17:22:32.326 INFO  LeaveListTest -BaseURL loaded
17:22:33.170 INFO  LeaveListTest -login successful
17:22:33.374 INFO  AdminUserManagement -Alice Duval after wait in getByEmployeeName()
17:22:33.620 INFO  AdminUserManagement -Alice Duval clicked
17:22:33.682 INFO  AdminUserManagement -after wait_isClickable(status)
17:22:33.902 INFO  AdminUserManagement -clicked on status
17:22:33.962 INFO  AdminUserManagement -status list after wait for Enabled
17:22:33.970 INFO  AdminUserManagement --- Select --
17:22:33.979 INFO  AdminUserManagement -Enabled
17:22:34.228 INFO  AdminUserManagement -Enabled is selected
17:22:34.238 INFO  AdminUserManagement -(35) Records Found before search button is clicked
17:22:34.260 INFO  AdminUserManagement -after wait_isClickable(searchButton)
17:22:34.486 INFO  AdminUserManagement -search button is clicked
17:22:34.696 INFO  AdminUserManagement -(1) Record Found after search button is clicked
17:22:37.150 INFO  LeaveMenu -clicked on leaveListPage
17:22:38.811 INFO  LeaveList -Records: (13) Records Found
17:22:40.731 INFO  LeaveMenu -clicked on leaveListPage
17:22:40.732 INFO  LeaveList -setFromDate()
17:22:41.183 INFO  LeaveList -clicked on fromDate
17:22:41.253 INFO  LeaveList -clicked on from month selector
17:22:41.371 INFO  LeaveList -June
17:22:41.422 INFO  LeaveList -from month selected
17:22:41.538 INFO  LeaveList -clicked on from year selector
17:22:48.811 INFO  LeaveListTest -BaseURL loaded
17:22:50.468 INFO  LeaveListTest -login successful
17:22:52.654 INFO  LeaveMenu -clicked on leaveListPage
17:23:04.387 INFO  LeaveList -Records: (13) Records Found
17:23:05.928 INFO  LeaveMenu -clicked on leaveListPage
17:23:05.929 INFO  LeaveList -setFromDate()
17:23:06.171 INFO  LeaveList -clicked on fromDate
17:23:06.436 INFO  LeaveList -clicked on from month selector
17:23:06.528 INFO  LeaveList -June
17:23:06.756 INFO  LeaveList -from month selected
17:33:22.889 INFO  AdminUserManagement -delete( JJSwifto )
17:33:23.014 INFO  AdminUserManagement -JJSwifto userName is entered
17:33:23.033 INFO  AdminUserManagement -(35) Records Found before search button is clicked
17:33:23.095 INFO  AdminUserManagement -after wait_isClickable(searchButton)
17:33:23.158 INFO  AdminUserManagement -search button is clicked
17:33:23.537 INFO  AdminUserManagement -No Records Found after search button is clicked
17:33:23.556 INFO  AdminUserManagement -username records after refresh: No Records Found
17:33:24.026 INFO  AdminUserManagement -add button clicked to add user: JJSwifto
17:33:24.040 INFO  AdminUserManagement -after pageRedirect https://opensource-demo.orangehrmlive.com/web/index.php/admin/saveSystemUser
17:33:24.536 INFO  AdminUserManagement -Searching....
17:33:25.644 INFO  AdminUserManagement -JJ Swifto after wait in getByEmployeeName()
17:33:25.735 INFO  AdminUserManagement -JJ Swifto clicked
17:33:25.837 INFO  AdminUserManagement -clicked on userRoll for ESS
17:33:25.902 INFO  AdminUserManagement -user roll list after wait for: ESS
17:33:26.017 INFO  AdminUserManagement -ESS is selected
17:33:33.381 INFO  AdminUserManagement -delete( oLMorgan )
17:33:33.644 INFO  AdminUserManagement -oLMorgan userName is entered
17:33:33.654 INFO  AdminUserManagement -(35) Records Found before search button is clicked
17:33:33.685 INFO  AdminUserManagement -after wait_isClickable(searchButton)
17:33:33.924 INFO  AdminUserManagement -search button is clicked
17:33:34.111 INFO  AdminUserManagement -No Records Found after search button is clicked
17:33:34.118 INFO  AdminUserManagement -username records after refresh: No Records Found
17:33:34.568 INFO  AdminUserManagement -add button clicked to add user: oLMorgan
17:33:34.573 INFO  AdminUserManagement -after pageRedirect https://opensource-demo.orangehrmlive.com/web/index.php/admin/saveSystemUser
17:33:35.219 INFO  AdminUserManagement -Searching....
17:33:36.043 INFO  AdminUserManagement -employee : JJ Swifto is available
17:33:36.043 INFO  AdminUserManagement -employee name entered JJ Swifto in addUser(JJSwifto)
17:33:36.043 INFO  AdminUserManagement -user roll entered in addUser(JJSwifto)
17:33:36.126 INFO  AdminUserManagement -after wait_isClickable(status)
17:33:36.172 INFO  AdminUserManagement -clicked on status
17:33:36.262 INFO  AdminUserManagement -status list after wait for Enabled
17:33:36.281 INFO  AdminUserManagement --- Select --
17:33:36.297 INFO  AdminUserManagement -Enabled
17:33:36.407 INFO  AdminUserManagement -Enabled is selected
17:33:36.407 INFO  AdminUserManagement -status entered in addUser(JJSwifto)
17:33:36.577 INFO  AdminUserManagement -JJSwifto userName is entered
17:33:36.577 INFO  AdminUserManagement -username entered JJSwifto in addUser(JJSwifto)
17:33:36.705 INFO  AdminUserManagement -password entered JJSwifto
17:33:36.821 INFO  AdminUserManagement -password confirmed JJSwifto
17:33:36.881 INFO  AdminUserManagement -oLisa Morgan after wait in getByEmployeeName()
17:33:36.885 INFO  AdminUserManagement -after wait_isClickable(saveButton) JJSwifto in addUser(JJSwifto)
17:33:36.965 INFO  AdminUserManagement -save button clicked JJSwifto in addUser(JJSwifto)
17:33:37.151 INFO  AdminUserManagement -oLisa Morgan clicked
17:33:37.391 INFO  AdminUserManagement -clicked on userRoll for ESS
17:33:37.444 INFO  AdminUserManagement -user roll list after wait for: ESS
17:33:37.702 INFO  AdminUserManagement -ESS is selected
17:33:38.765 INFO  AdminUserManagement -Successfully Saved
17:33:38.766 INFO  AdminUserManagement -user added: JJSwiftoSuccessfully Saved in addUser(JJSwifto)
17:33:47.710 INFO  AdminUserManagement -employee : oLisa Morgan is available
17:33:47.710 INFO  AdminUserManagement -employee name entered oLisa Morgan in addUser(oLMorgan)
17:33:47.710 INFO  AdminUserManagement -user roll entered in addUser(oLMorgan)
17:33:47.717 INFO  AdminUserManagement -before wait_pageRedirect https://opensource-demo.orangehrmlive.com/web/index.php/admin/saveSystemUser
17:33:47.769 INFO  AdminUserManagement -after wait_isClickable(status)
17:33:48.018 INFO  AdminUserManagement -clicked on status
17:33:48.099 INFO  AdminUserManagement -status list after wait for Enabled
17:33:48.114 INFO  AdminUserManagement --- Select --
17:33:48.114 INFO  AdminUserManagement -Enabled
17:33:48.370 INFO  AdminUserManagement -Enabled is selected
17:33:48.370 INFO  AdminUserManagement -status entered in addUser(oLMorgan)
17:33:48.630 INFO  AdminUserManagement -oLMorgan userName is entered
17:33:48.630 INFO  AdminUserManagement -username entered oLMorgan in addUser(oLMorgan)
17:33:48.645 INFO  AdminUserManagement -password entered oLMorgan
17:33:48.670 INFO  AdminUserManagement -password confirmed oLMorgan
17:33:48.695 INFO  AdminUserManagement -after wait_isClickable(saveButton) oLMorgan in addUser(oLMorgan)
17:33:48.915 INFO  AdminUserManagement -save button clicked oLMorgan in addUser(oLMorgan)
17:33:50.373 INFO  AdminUserManagement -
17:33:50.373 INFO  AdminUserManagement -user added: oLMorgan in addUser(oLMorgan)
17:33:50.373 INFO  AdminUserManagement -before wait_pageRedirect https://opensource-demo.orangehrmlive.com/web/index.php/admin/saveSystemUser
17:33:51.455 INFO  AdminUserManagement -navigate to viewSystemUsers page in catch block
17:33:51.455 INFO  AdminUserManagement -redirected to user management- user page
17:33:51.455 INFO  AdminUserManagement -after wait_pageRedirect https://opensource-demo.orangehrmlive.com/web/index.php/admin/viewSystemUsers
17:33:51.455 INFO  AdminUserManagement -redirected to user management- user page
17:33:51.569 INFO  AdminUserManagement -JJSwifto userName is entered
17:33:51.569 INFO  AdminUserManagement -JJSwifto UserName entered
17:33:51.595 INFO  AdminUserManagement -(36) Records Found before search button is clicked
17:33:51.634 INFO  AdminUserManagement -after wait_isClickable(searchButton)
17:33:51.690 INFO  AdminUserManagement -search button is clicked
17:33:52.096 INFO  AdminUserManagement -oLMorgan userName is entered
17:33:52.097 INFO  AdminUserManagement -oLMorgan UserName entered
17:33:52.256 INFO  AdminUserManagement -(37) Records Found before search button is clicked
17:33:52.287 INFO  AdminUserManagement -after wait_isClickable(searchButton)
17:33:52.371 INFO  AdminUserManagement -(1) Record Found after search button is clicked
17:33:52.477 INFO  AdminUserManagement -delete button clicked for JJSwifto
17:33:52.532 INFO  AdminUserManagement -search button is clicked
17:33:52.566 INFO  AdminUserManagement -confirmed delete: JJSwifto
17:33:52.645 INFO  AdminUserManagement -(1) Record Found after search button is clicked
17:33:52.900 INFO  AdminUserManagement -delete button clicked for oLMorgan
17:33:53.129 INFO  AdminUserManagement -confirmed delete: oLMorgan
17:33:55.511 INFO  AdminUserManagement -Alice.Duval userName is entered
17:33:55.590 INFO  AdminUserManagement -clicked on userRoll for ESS
17:33:55.644 INFO  AdminUserManagement -user roll list after wait for: ESS
17:33:55.758 INFO  AdminUserManagement -Alice.Duval userName is entered
17:33:55.855 INFO  AdminUserManagement -ESS is selected
17:33:55.994 INFO  AdminUserManagement -clicked on userRoll for ESS
17:33:56.006 INFO  AdminUserManagement -Searching....
17:33:56.029 INFO  AdminUserManagement -user roll list after wait for: ESS
17:33:56.337 INFO  AdminUserManagement -ESS is selected
17:33:56.610 INFO  AdminUserManagement -Searching....
17:33:57.175 INFO  AdminUserManagement -Alice Duval after wait in getByEmployeeName()
17:33:57.247 INFO  AdminUserManagement -Alice Duval clicked
17:33:57.287 INFO  AdminUserManagement -after wait_isClickable(status)
17:33:57.337 INFO  AdminUserManagement -clicked on status
17:33:57.410 INFO  AdminUserManagement -status list after wait for Enabled
17:33:57.424 INFO  AdminUserManagement --- Select --
17:33:57.461 INFO  AdminUserManagement -Enabled
17:33:57.562 INFO  AdminUserManagement -Enabled is selected
17:33:57.595 INFO  AdminUserManagement -(35) Records Found before search button is clicked
17:33:57.623 INFO  AdminUserManagement -after wait_isClickable(searchButton)
17:33:57.696 INFO  AdminUserManagement -search button is clicked
17:33:58.153 INFO  AdminUserManagement -(1) Record Found after search button is clicked
17:33:58.219 INFO  AdminUserManagement -Alice Duval after wait in getByEmployeeName()
17:33:58.573 INFO  AdminUserManagement -Alice Duval clicked
17:33:58.603 INFO  AdminUserManagement -after wait_isClickable(status)
17:33:58.839 INFO  AdminUserManagement -clicked on status
17:33:58.883 INFO  AdminUserManagement -status list after wait for Enabled
17:33:58.890 INFO  AdminUserManagement --- Select --
17:33:58.903 INFO  AdminUserManagement -Enabled
17:33:59.150 INFO  AdminUserManagement -Enabled is selected
17:33:59.157 INFO  AdminUserManagement -(35) Records Found before search button is clicked
17:33:59.182 INFO  AdminUserManagement -after wait_isClickable(searchButton)
17:33:59.408 INFO  AdminUserManagement -search button is clicked
17:33:59.754 INFO  AdminUserManagement -(1) Record Found after search button is clicked
17:34:05.296 INFO  LeaveListTest -BaseURL loaded
17:34:06.347 INFO  LeaveListTest -login successful
17:34:09.881 INFO  LeaveMenu -clicked on leaveListPage
17:34:11.255 INFO  LeaveList -Records: (13) Records Found
17:34:13.142 INFO  LeaveListTest -BaseURL loaded
17:34:13.226 INFO  LeaveMenu -clicked on leaveListPage
17:34:13.226 INFO  LeaveList -setFromDate()
17:34:13.672 INFO  LeaveList -clicked on fromDate
17:34:13.739 INFO  LeaveList -clicked on from month selector
17:34:13.856 INFO  LeaveList -June
17:34:13.920 INFO  LeaveList -from month selected
17:34:14.022 INFO  LeaveList -clicked on from year selector
17:34:14.917 INFO  LeaveListTest -login successful
17:34:16.919 INFO  LeaveMenu -clicked on leaveListPage
17:34:28.695 INFO  LeaveList -Records: (13) Records Found
17:34:30.073 INFO  LeaveMenu -clicked on leaveListPage
17:34:30.073 INFO  LeaveList -setFromDate()
17:34:30.346 INFO  LeaveList -clicked on fromDate
17:34:30.611 INFO  LeaveList -clicked on from month selector
17:34:30.772 INFO  LeaveList -June
17:34:30.957 INFO  LeaveList -from month selected
19:59:58.797 INFO  LeaveListTest -BaseURL loaded
20:00:02.524 INFO  LeaveListTest -login successful
20:00:07.097 INFO  LeaveMenu -clicked on leaveListPage
20:00:09.885 INFO  LeaveList -Records: (11) Records Found
20:00:47.467 INFO  LeaveListTest -BaseURL loaded
20:00:49.556 INFO  LeaveListTest -login successful
20:00:54.359 INFO  LeaveMenu -clicked on leaveListPage
20:00:57.013 INFO  LeaveList -Records: (13) Records Found
20:00:59.549 INFO  LeaveMenu -clicked on leaveListPage
20:00:59.549 INFO  LeaveList -setFromDate()
20:01:00.231 INFO  LeaveList -clicked on fromDate
20:01:00.390 INFO  LeaveList -clicked on from month selector
20:01:00.831 INFO  LeaveList -June
20:01:01.058 INFO  LeaveList -from month selected
20:01:01.437 INFO  LeaveList -clicked on from year selector
20:01:03.310 INFO  LeaveList -2020
20:01:03.431 INFO  LeaveList -from year selected
20:01:03.860 INFO  LeaveList -2
20:01:04.032 INFO  LeaveList -from date selected
20:01:04.032 INFO  LeaveList -setToDate()
20:01:04.351 INFO  LeaveList -toDate is clear
20:01:04.577 INFO  LeaveList -to date is clicked
20:01:04.705 INFO  LeaveList -to month selector clicked
20:01:04.992 INFO  LeaveList -July
20:01:05.101 INFO  LeaveList -to month is selected
20:01:05.373 INFO  LeaveList -to year is clicked
20:01:06.818 INFO  LeaveList -2021
20:01:07.000 INFO  LeaveList -to year is selected
20:01:07.649 INFO  LeaveList -to date is selected
20:01:08.380 INFO  LeaveListTest -status selected
20:01:08.595 INFO  LeaveList -Records: (13) Records Found
20:02:37.126 INFO  AdminUserManagement -delete( JJSwifto )
20:02:37.751 INFO  AdminUserManagement -JJSwifto userName is entered
20:02:37.835 INFO  AdminUserManagement -(36) Records Found before search button is clicked
20:02:38.091 INFO  AdminUserManagement -after wait_isClickable(searchButton)
20:02:38.233 INFO  AdminUserManagement -search button is clicked
20:02:38.817 INFO  AdminUserManagement -No Records Found after search button is clicked
20:02:38.863 INFO  AdminUserManagement -username records after refresh: No Records Found
20:02:39.919 INFO  AdminUserManagement -add button clicked to add user: JJSwifto
20:02:39.984 INFO  AdminUserManagement -after pageRedirect https://opensource-demo.orangehrmlive.com/web/index.php/admin/saveSystemUser
20:02:41.173 INFO  AdminUserManagement -Searching....
20:02:42.499 INFO  AdminUserManagement -No Records Found after wait in getByEmployeeName()
20:02:42.886 INFO  AdminUserManagement -clicked on userRoll for ESS
20:02:43.215 INFO  AdminUserManagement -user roll list after wait for: ESS
20:02:43.569 INFO  AdminUserManagement -ESS is selected
20:02:43.650 INFO  AdminUserManagement -Invalid now add employee: JJ Swifto
20:02:43.650 INFO  AdminUserManagement -addEmployee() JJ Swifto
20:02:44.552 INFO  AdminUserManagement -go to pim page
20:02:44.552 INFO  AdminUserManagement -before pim.add_Employee()JJ Swifto
20:02:44.552 INFO  PimModule -in addEmployee(): JJ Swifto
20:02:46.403 INFO  PimModule -add button clicked to add employee
20:02:47.006 INFO  PimModule -first name entered: JJ
20:02:47.283 INFO  PimModule -last name entered: Swifto
20:02:49.787 INFO  PimModule -save button clicked for: JJ Swifto
20:02:51.938 INFO  PimModule -Successfully Saved
20:02:52.021 INFO  AdminUserManagement -JJ Swifto Successfully SavedJJ Swifto
20:02:54.085 INFO  AdminUserManagement -delete( oLMorgan )
20:02:54.446 INFO  AdminUserManagement -oLMorgan userName is entered
20:02:54.534 INFO  AdminUserManagement -(36) Records Found before search button is clicked
20:02:54.780 INFO  AdminUserManagement -after wait_isClickable(searchButton)
20:02:55.209 INFO  AdminUserManagement -search button is clicked
20:02:55.451 INFO  AdminUserManagement -go to admin page
20:02:55.505 INFO  AdminUserManagement -No Records Found after search button is clicked
20:02:55.532 INFO  AdminUserManagement -username records after refresh: No Records Found
20:02:56.301 INFO  AdminUserManagement -add button clicked to add user: oLMorgan
20:02:56.313 INFO  AdminUserManagement -after pageRedirect https://opensource-demo.orangehrmlive.com/web/index.php/admin/saveSystemUser
20:02:56.932 INFO  AdminUserManagement -go to user management page
20:02:57.355 INFO  AdminUserManagement -Searching....
20:02:58.461 INFO  AdminUserManagement -No Records Found after wait in getByEmployeeName()
20:02:58.754 INFO  AdminUserManagement -clicked on userRoll for ESS
20:02:58.979 INFO  AdminUserManagement -user roll list after wait for: ESS
20:02:59.325 INFO  AdminUserManagement -ESS is selected
20:02:59.353 INFO  AdminUserManagement -Invalid now add employee: oLisa Morgan
20:02:59.353 INFO  AdminUserManagement -addEmployee() oLisa Morgan
20:03:00.585 INFO  AdminUserManagement -go to pim page
20:03:00.588 INFO  AdminUserManagement -before pim.add_Employee()oLisa Morgan
20:03:00.588 INFO  PimModule -in addEmployee(): oLisa Morgan
20:03:02.203 INFO  AdminUserManagement -navigate to viewSystemUsers page after addEmployee() JJ Swiftoin catch block
20:03:03.371 INFO  AdminUserManagement -add button clicked to add user: JJSwifto after addEmployee() in addUser(JJSwifto)
20:03:06.437 INFO  AdminUserManagement -Alice.Duval userName is entered
20:03:06.712 INFO  AdminUserManagement -clicked on userRoll for ESS
20:03:07.396 INFO  AdminUserManagement -navigate to saveSystemUsers page in catch block of addUser(JJSwifto )
20:03:07.720 INFO  AdminUserManagement -Searching....
20:03:09.446 INFO  AdminUserManagement -JJ Swifto after wait in getByEmployeeName()
20:03:09.640 INFO  AdminUserManagement -JJ Swifto clicked
20:03:09.744 INFO  AdminUserManagement -clicked on userRoll for ESS
20:03:09.870 INFO  AdminUserManagement -user roll list after wait for: ESS
20:03:10.097 INFO  AdminUserManagement -ESS is selected
20:03:10.097 INFO  AdminUserManagement -employee name entered JJ Swifto in addUser(JJSwifto)
20:03:10.097 INFO  AdminUserManagement -user roll entered in addUser(JJSwifto)
20:03:10.191 INFO  AdminUserManagement -after wait_isClickable(status)
20:03:10.297 INFO  AdminUserManagement -clicked on status
20:03:10.416 INFO  AdminUserManagement -status list after wait for Enabled
20:03:10.448 INFO  AdminUserManagement --- Select --
20:03:10.489 INFO  AdminUserManagement -Enabled
20:03:10.667 INFO  AdminUserManagement -Enabled is selected
20:03:10.667 INFO  AdminUserManagement -status entered in addUser(JJSwifto)
20:03:10.924 INFO  AdminUserManagement -JJSwifto userName is entered
20:03:10.924 INFO  AdminUserManagement -username entered JJSwifto in addUser(JJSwifto)
20:03:11.250 INFO  AdminUserManagement -password entered JJSwifto
20:03:11.425 INFO  AdminUserManagement -password confirmed JJSwifto
20:03:11.491 INFO  AdminUserManagement -after wait_isClickable(saveButton) JJSwifto in addUser(JJSwifto)
20:03:11.570 INFO  AdminUserManagement -save button clicked JJSwifto in addUser(JJSwifto)
20:03:13.355 INFO  AdminUserManagement -Successfully Saved
20:03:13.355 INFO  AdminUserManagement -user added: JJSwiftoSuccessfully Saved in addUser(JJSwifto)
20:03:16.424 INFO  AdminUserManagement -Alice.Duval userName is entered
20:03:16.751 INFO  AdminUserManagement -clicked on userRoll for ESS
20:03:16.872 INFO  AdminUserManagement -user roll list after wait for: ESS
20:03:17.124 INFO  AdminUserManagement -ESS is selected
20:03:17.578 INFO  AdminUserManagement -Searching....
20:03:18.938 INFO  AdminUserManagement -Alice Duval after wait in getByEmployeeName()
20:03:19.257 INFO  AdminUserManagement -Alice Duval clicked
20:03:19.425 INFO  AdminUserManagement -after wait_isClickable(status)
20:03:19.649 INFO  AdminUserManagement -clicked on status
20:03:19.875 INFO  AdminUserManagement -status list after wait for Enabled
20:03:20.001 INFO  AdminUserManagement --- Select --
20:03:20.106 INFO  AdminUserManagement -Enabled
20:03:20.471 INFO  AdminUserManagement -Enabled is selected
20:03:20.532 INFO  AdminUserManagement -(37) Records Found before search button is clicked
20:03:20.706 INFO  AdminUserManagement -after wait_isClickable(searchButton)
20:03:20.923 INFO  AdminUserManagement -search button is clicked
20:03:21.949 INFO  AdminUserManagement -(1) Record Found after search button is clicked
20:03:27.402 INFO  LeaveListTest -BaseURL loaded
20:03:30.656 INFO  LeaveListTest -login successful
20:03:33.653 INFO  LeaveMenu -clicked on leaveListPage
20:03:34.895 INFO  LeaveListTest -BaseURL loaded
20:03:36.645 INFO  LeaveListTest -login successful
20:03:41.060 INFO  LeaveMenu -clicked on leaveListPage
20:03:44.338 INFO  LeaveList -Records: (13) Records Found
20:03:45.979 INFO  LeaveList -Records: (13) Records Found
20:03:46.620 INFO  LeaveMenu -clicked on leaveListPage
20:03:46.620 INFO  LeaveList -setFromDate()
20:03:47.431 INFO  LeaveList -clicked on fromDate
20:03:47.792 INFO  LeaveList -clicked on from month selector
20:03:48.165 INFO  LeaveList -June
20:03:48.181 INFO  LeaveMenu -clicked on leaveListPage
20:03:48.181 INFO  LeaveList -setFromDate()
20:03:48.291 INFO  LeaveList -from month selected
20:03:48.468 INFO  LeaveList -clicked on fromDate
20:03:48.579 INFO  LeaveList -clicked on from year selector
20:03:48.707 INFO  LeaveList -clicked on from month selector
20:03:48.852 INFO  LeaveList -June
20:03:49.090 INFO  LeaveList -from month selected
20:03:49.898 INFO  LeaveList -2020
20:03:50.111 INFO  LeaveList -from year selected
20:03:50.587 INFO  LeaveList -2
20:03:50.778 INFO  LeaveList -from date selected
20:03:50.778 INFO  LeaveList -setToDate()
20:03:51.143 INFO  LeaveList -toDate is clear
20:03:51.538 INFO  LeaveList -to date is clicked
20:03:51.802 INFO  LeaveList -to month selector clicked
20:03:52.310 INFO  LeaveList -July
20:03:52.506 INFO  LeaveList -to month is selected
20:03:52.837 INFO  LeaveList -to year is clicked
20:03:54.749 INFO  LeaveList -2021
20:03:54.922 INFO  LeaveList -to year is selected
20:03:55.638 INFO  LeaveList -to date is selected
20:03:56.425 INFO  LeaveListTest -status selected
20:03:56.668 INFO  LeaveList -Records: (13) Records Found
